{"C:\\Users\\dns\\EPAM\\dasha2101-REACT2023Q4\\src\\App.tsx": {"path":"C:\\Users\\dns\\EPAM\\dasha2101-REACT2023Q4\\src\\App.tsx","all":false,"statementMap":{"0":{"start":{"line":1,"column":0},"end":{"line":1,"column":26}},"1":{"start":{"line":2,"column":0},"end":{"line":2,"column":46}},"2":{"start":{"line":3,"column":0},"end":{"line":3,"column":34}},"3":{"start":{"line":4,"column":0},"end":{"line":4,"column":39}},"4":{"start":{"line":5,"column":0},"end":{"line":5,"column":71}},"5":{"start":{"line":6,"column":0},"end":{"line":6,"column":73}},"7":{"start":{"line":8,"column":0},"end":{"line":8,"column":29}},"8":{"start":{"line":9,"column":0},"end":{"line":9,"column":10}},"9":{"start":{"line":10,"column":0},"end":{"line":10,"column":28}},"10":{"start":{"line":11,"column":0},"end":{"line":11,"column":21}},"11":{"start":{"line":12,"column":0},"end":{"line":12,"column":25}},"12":{"start":{"line":13,"column":0},"end":{"line":13,"column":29}},"13":{"start":{"line":14,"column":0},"end":{"line":14,"column":26}},"14":{"start":{"line":15,"column":0},"end":{"line":15,"column":22}},"15":{"start":{"line":16,"column":0},"end":{"line":16,"column":15}},"17":{"start":{"line":18,"column":0},"end":{"line":18,"column":2}},"19":{"start":{"line":20,"column":0},"end":{"line":20,"column":19}}},"s":{"0":1,"1":1,"2":1,"3":1,"4":1,"5":1,"7":1,"8":1,"9":1,"10":1,"11":1,"12":1,"13":1,"14":1,"15":1,"17":1,"19":1},"branchMap":{"0":{"type":"branch","line":8,"loc":{"start":{"line":8,"column":22},"end":{"line":18,"column":2}},"locations":[{"start":{"line":8,"column":22},"end":{"line":18,"column":2}}]}},"b":{"0":[1]},"fnMap":{"0":{"name":"App","decl":{"start":{"line":8,"column":22},"end":{"line":18,"column":2}},"loc":{"start":{"line":8,"column":22},"end":{"line":18,"column":2}},"line":8}},"f":{"0":1}}
,"C:\\Users\\dns\\EPAM\\dasha2101-REACT2023Q4\\src\\index.ts": {"path":"C:\\Users\\dns\\EPAM\\dasha2101-REACT2023Q4\\src\\index.ts","all":true,"statementMap":{},"s":{},"branchMap":{"0":{"type":"branch","line":1,"loc":{"start":{"line":1,"column":343},"end":{"line":15,"column":1}},"locations":[{"start":{"line":1,"column":343},"end":{"line":15,"column":1}}]}},"b":{"0":[1]},"fnMap":{"0":{"name":"(empty-report)","decl":{"start":{"line":1,"column":343},"end":{"line":15,"column":1}},"loc":{"start":{"line":1,"column":343},"end":{"line":15,"column":1}},"line":1}},"f":{"0":1}}
,"C:\\Users\\dns\\EPAM\\dasha2101-REACT2023Q4\\src\\main.tsx": {"path":"C:\\Users\\dns\\EPAM\\dasha2101-REACT2023Q4\\src\\main.tsx","all":true,"statementMap":{"0":{"start":{"line":1,"column":0},"end":{"line":1,"column":26}},"1":{"start":{"line":2,"column":0},"end":{"line":2,"column":40}},"2":{"start":{"line":3,"column":0},"end":{"line":3,"column":28}},"3":{"start":{"line":4,"column":0},"end":{"line":4,"column":21}},"5":{"start":{"line":6,"column":0},"end":{"line":6,"column":61}},"6":{"start":{"line":7,"column":0},"end":{"line":7,"column":20}},"7":{"start":{"line":8,"column":0},"end":{"line":8,"column":11}},"8":{"start":{"line":9,"column":0},"end":{"line":9,"column":21}},"9":{"start":{"line":10,"column":0},"end":{"line":10,"column":2}}},"s":{"0":0,"1":0,"2":0,"3":0,"5":0,"6":0,"7":0,"8":0,"9":0},"branchMap":{"0":{"type":"branch","line":1,"loc":{"start":{"line":1,"column":239},"end":{"line":10,"column":2}},"locations":[{"start":{"line":1,"column":239},"end":{"line":10,"column":2}}]}},"b":{"0":[0]},"fnMap":{"0":{"name":"(empty-report)","decl":{"start":{"line":1,"column":239},"end":{"line":10,"column":2}},"loc":{"start":{"line":1,"column":239},"end":{"line":10,"column":2}},"line":1}},"f":{"0":0}}
,"C:\\Users\\dns\\EPAM\\dasha2101-REACT2023Q4\\src\\components\\bundler\\Bundler.tsx": {"path":"C:\\Users\\dns\\EPAM\\dasha2101-REACT2023Q4\\src\\components\\bundler\\Bundler.tsx","all":false,"statementMap":{"0":{"start":{"line":1,"column":0},"end":{"line":1,"column":45}},"3":{"start":{"line":4,"column":0},"end":{"line":4,"column":79}},"4":{"start":{"line":5,"column":0},"end":{"line":5,"column":42}},"5":{"start":{"line":6,"column":0},"end":{"line":6,"column":17}},"6":{"start":{"line":7,"column":0},"end":{"line":7,"column":58}},"7":{"start":{"line":8,"column":0},"end":{"line":8,"column":3}},"9":{"start":{"line":10,"column":0},"end":{"line":10,"column":49}},"10":{"start":{"line":11,"column":0},"end":{"line":11,"column":59}},"11":{"start":{"line":12,"column":0},"end":{"line":12,"column":30}},"12":{"start":{"line":13,"column":0},"end":{"line":13,"column":3}},"14":{"start":{"line":15,"column":0},"end":{"line":15,"column":57}},"15":{"start":{"line":16,"column":0},"end":{"line":16,"column":70}},"16":{"start":{"line":17,"column":0},"end":{"line":17,"column":3}},"18":{"start":{"line":19,"column":0},"end":{"line":19,"column":53}},"19":{"start":{"line":20,"column":0},"end":{"line":20,"column":53}},"20":{"start":{"line":21,"column":0},"end":{"line":21,"column":62}},"21":{"start":{"line":22,"column":0},"end":{"line":22,"column":5}},"22":{"start":{"line":23,"column":0},"end":{"line":23,"column":3}},"24":{"start":{"line":25,"column":0},"end":{"line":25,"column":12}},"25":{"start":{"line":26,"column":0},"end":{"line":26,"column":53}},"26":{"start":{"line":27,"column":0},"end":{"line":27,"column":14}},"27":{"start":{"line":28,"column":0},"end":{"line":28,"column":13}},"28":{"start":{"line":29,"column":0},"end":{"line":29,"column":39}},"29":{"start":{"line":30,"column":0},"end":{"line":30,"column":42}},"30":{"start":{"line":31,"column":0},"end":{"line":31,"column":17}},"31":{"start":{"line":32,"column":0},"end":{"line":32,"column":28}},"32":{"start":{"line":33,"column":0},"end":{"line":33,"column":35}},"33":{"start":{"line":34,"column":0},"end":{"line":34,"column":14}},"34":{"start":{"line":35,"column":0},"end":{"line":35,"column":11}},"36":{"start":{"line":37,"column":0},"end":{"line":37,"column":19}},"37":{"start":{"line":38,"column":0},"end":{"line":38,"column":14}},"39":{"start":{"line":40,"column":0},"end":{"line":40,"column":5}},"40":{"start":{"line":41,"column":0},"end":{"line":41,"column":31}},"41":{"start":{"line":42,"column":0},"end":{"line":42,"column":3}},"42":{"start":{"line":43,"column":0},"end":{"line":43,"column":1}},"43":{"start":{"line":44,"column":0},"end":{"line":44,"column":29}}},"s":{"0":1,"3":1,"4":1,"5":10,"6":10,"7":10,"9":1,"10":2,"11":2,"12":2,"14":1,"15":1,"16":1,"18":1,"19":4,"20":1,"21":1,"22":4,"24":1,"25":15,"26":5,"27":5,"28":5,"29":5,"30":5,"31":5,"32":1,"33":1,"34":5,"36":5,"37":5,"39":5,"40":10,"41":15,"42":1,"43":1},"branchMap":{"0":{"type":"branch","line":5,"loc":{"start":{"line":5,"column":2},"end":{"line":8,"column":3}},"locations":[{"start":{"line":5,"column":2},"end":{"line":8,"column":3}}]},"1":{"type":"branch","line":10,"loc":{"start":{"line":10,"column":9},"end":{"line":13,"column":3}},"locations":[{"start":{"line":10,"column":9},"end":{"line":13,"column":3}}]},"2":{"type":"branch","line":15,"loc":{"start":{"line":15,"column":2},"end":{"line":17,"column":3}},"locations":[{"start":{"line":15,"column":2},"end":{"line":17,"column":3}}]},"3":{"type":"branch","line":19,"loc":{"start":{"line":19,"column":2},"end":{"line":23,"column":3}},"locations":[{"start":{"line":19,"column":2},"end":{"line":23,"column":3}}]},"4":{"type":"branch","line":20,"loc":{"start":{"line":20,"column":18},"end":{"line":20,"column":52}},"locations":[{"start":{"line":20,"column":18},"end":{"line":20,"column":52}}]},"5":{"type":"branch","line":20,"loc":{"start":{"line":20,"column":52},"end":{"line":22,"column":5}},"locations":[{"start":{"line":20,"column":52},"end":{"line":22,"column":5}}]},"6":{"type":"branch","line":25,"loc":{"start":{"line":25,"column":2},"end":{"line":42,"column":3}},"locations":[{"start":{"line":25,"column":2},"end":{"line":42,"column":3}}]},"7":{"type":"branch","line":26,"loc":{"start":{"line":26,"column":19},"end":{"line":26,"column":52}},"locations":[{"start":{"line":26,"column":19},"end":{"line":26,"column":52}}]},"8":{"type":"branch","line":26,"loc":{"start":{"line":26,"column":52},"end":{"line":41,"column":31}},"locations":[{"start":{"line":26,"column":52},"end":{"line":41,"column":31}}]},"9":{"type":"branch","line":26,"loc":{"start":{"line":26,"column":52},"end":{"line":40,"column":5}},"locations":[{"start":{"line":26,"column":52},"end":{"line":40,"column":5}}]},"10":{"type":"branch","line":40,"loc":{"start":{"line":40,"column":4},"end":{"line":41,"column":31}},"locations":[{"start":{"line":40,"column":4},"end":{"line":41,"column":31}}]},"11":{"type":"branch","line":32,"loc":{"start":{"line":32,"column":21},"end":{"line":34,"column":14}},"locations":[{"start":{"line":32,"column":21},"end":{"line":34,"column":14}}]}},"b":{"0":[10],"1":[2],"2":[1],"3":[4],"4":[1],"5":[1],"6":[15],"7":[13],"8":[11],"9":[5],"10":[10],"11":[1]},"fnMap":{"0":{"name":"ErrorBoundary","decl":{"start":{"line":5,"column":2},"end":{"line":8,"column":3}},"loc":{"start":{"line":5,"column":2},"end":{"line":8,"column":3}},"line":5},"1":{"name":"getDerivedStateFromError","decl":{"start":{"line":10,"column":9},"end":{"line":13,"column":3}},"loc":{"start":{"line":10,"column":9},"end":{"line":13,"column":3}},"line":10},"2":{"name":"componentDidCatch","decl":{"start":{"line":15,"column":2},"end":{"line":17,"column":3}},"loc":{"start":{"line":15,"column":2},"end":{"line":17,"column":3}},"line":15},"3":{"name":"componentDidUpdate","decl":{"start":{"line":19,"column":2},"end":{"line":23,"column":3}},"loc":{"start":{"line":19,"column":2},"end":{"line":23,"column":3}},"line":19},"4":{"name":"render","decl":{"start":{"line":25,"column":2},"end":{"line":42,"column":3}},"loc":{"start":{"line":25,"column":2},"end":{"line":42,"column":3}},"line":25},"5":{"name":"onClick","decl":{"start":{"line":32,"column":21},"end":{"line":34,"column":14}},"loc":{"start":{"line":32,"column":21},"end":{"line":34,"column":14}},"line":32}},"f":{"0":10,"1":2,"2":1,"3":4,"4":15,"5":1}}
,"C:\\Users\\dns\\EPAM\\dasha2101-REACT2023Q4\\src\\components\\bundler\\types\\index.ts": {"path":"C:\\Users\\dns\\EPAM\\dasha2101-REACT2023Q4\\src\\components\\bundler\\types\\index.ts","all":true,"statementMap":{},"s":{},"branchMap":{"0":{"type":"branch","line":1,"loc":{"start":{"line":1,"column":265},"end":{"line":13,"column":1}},"locations":[{"start":{"line":1,"column":265},"end":{"line":13,"column":1}}]}},"b":{"0":[1]},"fnMap":{"0":{"name":"(empty-report)","decl":{"start":{"line":1,"column":265},"end":{"line":13,"column":1}},"loc":{"start":{"line":1,"column":265},"end":{"line":13,"column":1}},"line":1}},"f":{"0":1}}
,"C:\\Users\\dns\\EPAM\\dasha2101-REACT2023Q4\\src\\components\\detailsCharachter\\DetailsCharachter.tsx": {"path":"C:\\Users\\dns\\EPAM\\dasha2101-REACT2023Q4\\src\\components\\detailsCharachter\\DetailsCharachter.tsx","all":false,"statementMap":{"0":{"start":{"line":1,"column":0},"end":{"line":1,"column":26}},"1":{"start":{"line":2,"column":0},"end":{"line":2,"column":41}},"2":{"start":{"line":3,"column":0},"end":{"line":3,"column":66}},"4":{"start":{"line":5,"column":0},"end":{"line":5,"column":33}},"6":{"start":{"line":7,"column":0},"end":{"line":7,"column":63}},"7":{"start":{"line":8,"column":0},"end":{"line":8,"column":5}},"8":{"start":{"line":9,"column":0},"end":{"line":9,"column":10}},"9":{"start":{"line":10,"column":0},"end":{"line":10,"column":7}},"10":{"start":{"line":11,"column":0},"end":{"line":11,"column":69}},"11":{"start":{"line":12,"column":0},"end":{"line":12,"column":7}},"12":{"start":{"line":13,"column":0},"end":{"line":13,"column":12}},"13":{"start":{"line":14,"column":0},"end":{"line":14,"column":5}},"15":{"start":{"line":16,"column":0},"end":{"line":16,"column":18}},"16":{"start":{"line":17,"column":0},"end":{"line":17,"column":23}},"17":{"start":{"line":18,"column":0},"end":{"line":18,"column":3}},"19":{"start":{"line":20,"column":0},"end":{"line":20,"column":19}},"20":{"start":{"line":21,"column":0},"end":{"line":21,"column":54}},"21":{"start":{"line":22,"column":0},"end":{"line":22,"column":3}},"23":{"start":{"line":24,"column":0},"end":{"line":24,"column":10}},"24":{"start":{"line":25,"column":0},"end":{"line":25,"column":35}},"25":{"start":{"line":26,"column":0},"end":{"line":26,"column":32}},"26":{"start":{"line":27,"column":0},"end":{"line":27,"column":39}},"27":{"start":{"line":28,"column":0},"end":{"line":28,"column":58}},"28":{"start":{"line":29,"column":0},"end":{"line":29,"column":13}},"29":{"start":{"line":30,"column":0},"end":{"line":30,"column":39}},"30":{"start":{"line":31,"column":0},"end":{"line":31,"column":43}},"31":{"start":{"line":32,"column":0},"end":{"line":32,"column":45}},"32":{"start":{"line":33,"column":0},"end":{"line":33,"column":48}},"33":{"start":{"line":34,"column":0},"end":{"line":34,"column":43}},"34":{"start":{"line":35,"column":0},"end":{"line":35,"column":14}},"35":{"start":{"line":36,"column":0},"end":{"line":36,"column":12}},"36":{"start":{"line":37,"column":0},"end":{"line":37,"column":58}},"37":{"start":{"line":38,"column":0},"end":{"line":38,"column":10}},"39":{"start":{"line":40,"column":0},"end":{"line":40,"column":2}},"41":{"start":{"line":42,"column":0},"end":{"line":42,"column":32}}},"s":{"0":1,"1":1,"2":1,"4":1,"6":1,"7":2,"8":2,"9":2,"10":2,"11":2,"12":2,"13":2,"15":2,"16":0,"17":0,"19":2,"20":0,"21":0,"23":2,"24":2,"25":2,"26":2,"27":2,"28":2,"29":2,"30":2,"31":2,"32":2,"33":2,"34":2,"35":2,"36":2,"37":2,"39":2,"41":1},"branchMap":{"0":{"type":"branch","line":7,"loc":{"start":{"line":7,"column":61},"end":{"line":40,"column":2}},"locations":[{"start":{"line":7,"column":61},"end":{"line":40,"column":2}}]},"1":{"type":"branch","line":16,"loc":{"start":{"line":16,"column":17},"end":{"line":18,"column":3}},"locations":[{"start":{"line":16,"column":17},"end":{"line":18,"column":3}}]},"2":{"type":"branch","line":20,"loc":{"start":{"line":20,"column":18},"end":{"line":22,"column":3}},"locations":[{"start":{"line":20,"column":18},"end":{"line":22,"column":3}}]},"3":{"type":"branch","line":33,"loc":{"start":{"line":33,"column":30},"end":{"line":33,"column":44}},"locations":[{"start":{"line":33,"column":30},"end":{"line":33,"column":44}}]}},"b":{"0":[2],"1":[0],"2":[0],"3":[1]},"fnMap":{"0":{"name":"DetailsComponent","decl":{"start":{"line":7,"column":61},"end":{"line":40,"column":2}},"loc":{"start":{"line":7,"column":61},"end":{"line":40,"column":2}},"line":7}},"f":{"0":2}}
,"C:\\Users\\dns\\EPAM\\dasha2101-REACT2023Q4\\src\\components\\detailsCharachter\\types\\index.ts": {"path":"C:\\Users\\dns\\EPAM\\dasha2101-REACT2023Q4\\src\\components\\detailsCharachter\\types\\index.ts","all":true,"statementMap":{},"s":{},"branchMap":{"0":{"type":"branch","line":1,"loc":{"start":{"line":1,"column":85},"end":{"line":4,"column":1}},"locations":[{"start":{"line":1,"column":85},"end":{"line":4,"column":1}}]}},"b":{"0":[1]},"fnMap":{"0":{"name":"(empty-report)","decl":{"start":{"line":1,"column":85},"end":{"line":4,"column":1}},"loc":{"start":{"line":1,"column":85},"end":{"line":4,"column":1}},"line":1}},"f":{"0":1}}
,"C:\\Users\\dns\\EPAM\\dasha2101-REACT2023Q4\\src\\components\\loading\\Loading.tsx": {"path":"C:\\Users\\dns\\EPAM\\dasha2101-REACT2023Q4\\src\\components\\loading\\Loading.tsx","all":false,"statementMap":{"0":{"start":{"line":1,"column":0},"end":{"line":1,"column":26}},"1":{"start":{"line":2,"column":0},"end":{"line":2,"column":23}},"3":{"start":{"line":4,"column":0},"end":{"line":4,"column":33}},"4":{"start":{"line":5,"column":0},"end":{"line":5,"column":10}},"5":{"start":{"line":6,"column":0},"end":{"line":6,"column":61}},"6":{"start":{"line":7,"column":0},"end":{"line":7,"column":36}},"7":{"start":{"line":8,"column":0},"end":{"line":8,"column":10}},"9":{"start":{"line":10,"column":0},"end":{"line":10,"column":2}},"11":{"start":{"line":12,"column":0},"end":{"line":12,"column":23}}},"s":{"0":1,"1":1,"3":1,"4":1,"5":1,"6":1,"7":1,"9":1,"11":1},"branchMap":{"0":{"type":"branch","line":4,"loc":{"start":{"line":4,"column":26},"end":{"line":10,"column":2}},"locations":[{"start":{"line":4,"column":26},"end":{"line":10,"column":2}}]}},"b":{"0":[1]},"fnMap":{"0":{"name":"Loading","decl":{"start":{"line":4,"column":26},"end":{"line":10,"column":2}},"loc":{"start":{"line":4,"column":26},"end":{"line":10,"column":2}},"line":4}},"f":{"0":1}}
,"C:\\Users\\dns\\EPAM\\dasha2101-REACT2023Q4\\src\\components\\nofFoundPage\\NotFoundPage.tsx": {"path":"C:\\Users\\dns\\EPAM\\dasha2101-REACT2023Q4\\src\\components\\nofFoundPage\\NotFoundPage.tsx","all":false,"statementMap":{"0":{"start":{"line":1,"column":0},"end":{"line":1,"column":26}},"2":{"start":{"line":3,"column":0},"end":{"line":3,"column":34}},"3":{"start":{"line":4,"column":0},"end":{"line":4,"column":10}},"4":{"start":{"line":5,"column":0},"end":{"line":5,"column":9}},"5":{"start":{"line":6,"column":0},"end":{"line":6,"column":30}},"6":{"start":{"line":7,"column":0},"end":{"line":7,"column":57}},"7":{"start":{"line":8,"column":0},"end":{"line":8,"column":10}},"9":{"start":{"line":10,"column":0},"end":{"line":10,"column":2}},"11":{"start":{"line":12,"column":0},"end":{"line":12,"column":24}}},"s":{"0":1,"2":1,"3":1,"4":1,"5":1,"6":1,"7":1,"9":1,"11":1},"branchMap":{"0":{"type":"branch","line":3,"loc":{"start":{"line":3,"column":27},"end":{"line":10,"column":2}},"locations":[{"start":{"line":3,"column":27},"end":{"line":10,"column":2}}]}},"b":{"0":[1]},"fnMap":{"0":{"name":"NotFound","decl":{"start":{"line":3,"column":27},"end":{"line":10,"column":2}},"loc":{"start":{"line":3,"column":27},"end":{"line":10,"column":2}},"line":3}},"f":{"0":1}}
,"C:\\Users\\dns\\EPAM\\dasha2101-REACT2023Q4\\src\\components\\pagination\\Pagination.tsx": {"path":"C:\\Users\\dns\\EPAM\\dasha2101-REACT2023Q4\\src\\components\\pagination\\Pagination.tsx","all":false,"statementMap":{"0":{"start":{"line":1,"column":0},"end":{"line":1,"column":31}},"2":{"start":{"line":3,"column":0},"end":{"line":3,"column":26}},"4":{"start":{"line":5,"column":0},"end":{"line":5,"column":48}},"5":{"start":{"line":6,"column":0},"end":{"line":6,"column":14}},"6":{"start":{"line":7,"column":0},"end":{"line":7,"column":8}},"7":{"start":{"line":8,"column":0},"end":{"line":8,"column":15}},"8":{"start":{"line":9,"column":0},"end":{"line":9,"column":7}},"9":{"start":{"line":10,"column":0},"end":{"line":10,"column":71}},"11":{"start":{"line":12,"column":0},"end":{"line":12,"column":10}},"12":{"start":{"line":13,"column":0},"end":{"line":13,"column":32}},"13":{"start":{"line":14,"column":0},"end":{"line":14,"column":28}},"14":{"start":{"line":15,"column":0},"end":{"line":15,"column":10}},"15":{"start":{"line":16,"column":0},"end":{"line":16,"column":20}},"16":{"start":{"line":17,"column":0},"end":{"line":17,"column":74}},"17":{"start":{"line":18,"column":0},"end":{"line":18,"column":34}},"18":{"start":{"line":19,"column":0},"end":{"line":19,"column":27}},"19":{"start":{"line":20,"column":0},"end":{"line":20,"column":31}},"20":{"start":{"line":21,"column":0},"end":{"line":21,"column":31}},"21":{"start":{"line":22,"column":0},"end":{"line":22,"column":12}},"23":{"start":{"line":24,"column":0},"end":{"line":24,"column":16}},"24":{"start":{"line":25,"column":0},"end":{"line":25,"column":12}},"25":{"start":{"line":26,"column":0},"end":{"line":26,"column":9}},"26":{"start":{"line":27,"column":0},"end":{"line":27,"column":10}},"28":{"start":{"line":29,"column":0},"end":{"line":29,"column":2}},"30":{"start":{"line":31,"column":0},"end":{"line":31,"column":26}}},"s":{"0":1,"2":1,"4":1,"5":8,"6":8,"7":8,"8":8,"9":8,"11":8,"12":8,"13":8,"14":16,"15":16,"16":16,"17":16,"18":16,"19":1,"20":1,"21":1,"23":16,"24":16,"25":8,"26":8,"28":8,"30":1},"branchMap":{"0":{"type":"branch","line":5,"loc":{"start":{"line":5,"column":46},"end":{"line":29,"column":2}},"locations":[{"start":{"line":5,"column":46},"end":{"line":29,"column":2}}]},"1":{"type":"branch","line":10,"loc":{"start":{"line":10,"column":46},"end":{"line":10,"column":69}},"locations":[{"start":{"line":10,"column":46},"end":{"line":10,"column":69}}]},"2":{"type":"branch","line":14,"loc":{"start":{"line":14,"column":17},"end":{"line":25,"column":12}},"locations":[{"start":{"line":14,"column":17},"end":{"line":25,"column":12}}]},"3":{"type":"branch","line":17,"loc":{"start":{"line":17,"column":44},"end":{"line":17,"column":69}},"locations":[{"start":{"line":17,"column":44},"end":{"line":17,"column":69}}]},"4":{"type":"branch","line":17,"loc":{"start":{"line":17,"column":58},"end":{"line":17,"column":71}},"locations":[{"start":{"line":17,"column":58},"end":{"line":17,"column":71}}]},"5":{"type":"branch","line":19,"loc":{"start":{"line":19,"column":19},"end":{"line":22,"column":12}},"locations":[{"start":{"line":19,"column":19},"end":{"line":22,"column":12}}]}},"b":{"0":[8],"1":[16],"2":[16],"3":[8],"4":[8],"5":[1]},"fnMap":{"0":{"name":"Pagination","decl":{"start":{"line":5,"column":46},"end":{"line":29,"column":2}},"loc":{"start":{"line":5,"column":46},"end":{"line":29,"column":2}},"line":5},"1":{"name":"onClick","decl":{"start":{"line":19,"column":19},"end":{"line":22,"column":12}},"loc":{"start":{"line":19,"column":19},"end":{"line":22,"column":12}},"line":19}},"f":{"0":8,"1":1}}
,"C:\\Users\\dns\\EPAM\\dasha2101-REACT2023Q4\\src\\components\\pagination\\types\\index.ts": {"path":"C:\\Users\\dns\\EPAM\\dasha2101-REACT2023Q4\\src\\components\\pagination\\types\\index.ts","all":true,"statementMap":{},"s":{},"branchMap":{"0":{"type":"branch","line":1,"loc":{"start":{"line":1,"column":120},"end":{"line":5,"column":1}},"locations":[{"start":{"line":1,"column":120},"end":{"line":5,"column":1}}]}},"b":{"0":[1]},"fnMap":{"0":{"name":"(empty-report)","decl":{"start":{"line":1,"column":120},"end":{"line":5,"column":1}},"loc":{"start":{"line":1,"column":120},"end":{"line":5,"column":1}},"line":1}},"f":{"0":1}}
,"C:\\Users\\dns\\EPAM\\dasha2101-REACT2023Q4\\src\\components\\popupProps\\PopupProps.tsx": {"path":"C:\\Users\\dns\\EPAM\\dasha2101-REACT2023Q4\\src\\components\\popupProps\\PopupProps.tsx","all":false,"statementMap":{"0":{"start":{"line":1,"column":0},"end":{"line":1,"column":26}},"1":{"start":{"line":2,"column":0},"end":{"line":2,"column":26}},"10":{"start":{"line":11,"column":0},"end":{"line":11,"column":38}},"11":{"start":{"line":12,"column":0},"end":{"line":12,"column":12}},"12":{"start":{"line":13,"column":0},"end":{"line":13,"column":16}},"13":{"start":{"line":14,"column":0},"end":{"line":14,"column":13}},"14":{"start":{"line":15,"column":0},"end":{"line":15,"column":13}},"15":{"start":{"line":16,"column":0},"end":{"line":16,"column":7}},"16":{"start":{"line":17,"column":0},"end":{"line":17,"column":30}},"18":{"start":{"line":19,"column":0},"end":{"line":19,"column":10}},"19":{"start":{"line":20,"column":0},"end":{"line":20,"column":47}},"20":{"start":{"line":21,"column":0},"end":{"line":21,"column":79}},"21":{"start":{"line":22,"column":0},"end":{"line":22,"column":37}},"22":{"start":{"line":23,"column":0},"end":{"line":23,"column":56}},"23":{"start":{"line":24,"column":0},"end":{"line":24,"column":54}},"24":{"start":{"line":25,"column":0},"end":{"line":25,"column":12}},"25":{"start":{"line":26,"column":0},"end":{"line":26,"column":10}},"27":{"start":{"line":28,"column":0},"end":{"line":28,"column":2}},"29":{"start":{"line":30,"column":0},"end":{"line":30,"column":21}}},"s":{"0":1,"1":1,"10":1,"11":2,"12":2,"13":2,"14":2,"15":2,"16":2,"18":2,"19":2,"20":2,"21":2,"22":2,"23":2,"24":2,"25":2,"27":2,"29":1},"branchMap":{"0":{"type":"branch","line":11,"loc":{"start":{"line":11,"column":36},"end":{"line":28,"column":2}},"locations":[{"start":{"line":11,"column":36},"end":{"line":28,"column":2}}]},"1":{"type":"branch","line":17,"loc":{"start":{"line":17,"column":18},"end":{"line":17,"column":30}},"locations":[{"start":{"line":17,"column":18},"end":{"line":17,"column":30}}]},"2":{"type":"branch","line":21,"loc":{"start":{"line":21,"column":60},"end":{"line":21,"column":70}},"locations":[{"start":{"line":21,"column":60},"end":{"line":21,"column":70}}]},"3":{"type":"branch","line":21,"loc":{"start":{"line":21,"column":64},"end":{"line":21,"column":72}},"locations":[{"start":{"line":21,"column":64},"end":{"line":21,"column":72}}]}},"b":{"0":[2],"1":[0],"2":[1],"3":[1]},"fnMap":{"0":{"name":"Popup","decl":{"start":{"line":11,"column":36},"end":{"line":28,"column":2}},"loc":{"start":{"line":11,"column":36},"end":{"line":28,"column":2}},"line":11}},"f":{"0":2}}
,"C:\\Users\\dns\\EPAM\\dasha2101-REACT2023Q4\\src\\components\\searchResult\\SearchResult.tsx": {"path":"C:\\Users\\dns\\EPAM\\dasha2101-REACT2023Q4\\src\\components\\searchResult\\SearchResult.tsx","all":false,"statementMap":{"0":{"start":{"line":1,"column":0},"end":{"line":1,"column":51}},"2":{"start":{"line":3,"column":0},"end":{"line":3,"column":50}},"3":{"start":{"line":4,"column":0},"end":{"line":4,"column":54}},"4":{"start":{"line":5,"column":0},"end":{"line":5,"column":47}},"6":{"start":{"line":7,"column":0},"end":{"line":7,"column":67}},"7":{"start":{"line":8,"column":0},"end":{"line":8,"column":56}},"8":{"start":{"line":9,"column":0},"end":{"line":9,"column":42}},"9":{"start":{"line":10,"column":0},"end":{"line":10,"column":48}},"10":{"start":{"line":11,"column":0},"end":{"line":11,"column":45}},"11":{"start":{"line":12,"column":0},"end":{"line":12,"column":28}},"13":{"start":{"line":14,"column":0},"end":{"line":14,"column":52}},"14":{"start":{"line":15,"column":0},"end":{"line":15,"column":10}},"15":{"start":{"line":16,"column":0},"end":{"line":16,"column":14}},"16":{"start":{"line":17,"column":0},"end":{"line":17,"column":14}},"17":{"start":{"line":18,"column":0},"end":{"line":18,"column":7}},"18":{"start":{"line":19,"column":0},"end":{"line":19,"column":25}},"19":{"start":{"line":20,"column":0},"end":{"line":20,"column":44}},"20":{"start":{"line":21,"column":0},"end":{"line":21,"column":29}},"21":{"start":{"line":22,"column":0},"end":{"line":22,"column":20}},"22":{"start":{"line":23,"column":0},"end":{"line":23,"column":25}},"23":{"start":{"line":24,"column":0},"end":{"line":24,"column":5}},"25":{"start":{"line":26,"column":0},"end":{"line":26,"column":56}},"26":{"start":{"line":27,"column":0},"end":{"line":27,"column":54}},"27":{"start":{"line":28,"column":0},"end":{"line":28,"column":80}},"28":{"start":{"line":29,"column":0},"end":{"line":29,"column":33}},"29":{"start":{"line":30,"column":0},"end":{"line":30,"column":33}},"31":{"start":{"line":32,"column":0},"end":{"line":32,"column":46}},"32":{"start":{"line":33,"column":0},"end":{"line":33,"column":25}},"33":{"start":{"line":34,"column":0},"end":{"line":34,"column":28}},"34":{"start":{"line":35,"column":0},"end":{"line":35,"column":69}},"35":{"start":{"line":36,"column":0},"end":{"line":36,"column":26}},"36":{"start":{"line":37,"column":0},"end":{"line":37,"column":4}},"38":{"start":{"line":39,"column":0},"end":{"line":39,"column":43}},"39":{"start":{"line":40,"column":0},"end":{"line":40,"column":33}},"40":{"start":{"line":41,"column":0},"end":{"line":41,"column":4}},"42":{"start":{"line":43,"column":0},"end":{"line":43,"column":9}},"43":{"start":{"line":44,"column":0},"end":{"line":44,"column":15}},"44":{"start":{"line":45,"column":0},"end":{"line":45,"column":17}},"45":{"start":{"line":46,"column":0},"end":{"line":46,"column":19}},"46":{"start":{"line":47,"column":0},"end":{"line":47,"column":34}},"47":{"start":{"line":48,"column":0},"end":{"line":48,"column":30}},"48":{"start":{"line":49,"column":0},"end":{"line":49,"column":68}},"50":{"start":{"line":51,"column":0},"end":{"line":51,"column":19}},"51":{"start":{"line":52,"column":0},"end":{"line":52,"column":37}},"52":{"start":{"line":53,"column":0},"end":{"line":53,"column":23}},"54":{"start":{"line":55,"column":0},"end":{"line":55,"column":10}},"55":{"start":{"line":56,"column":0},"end":{"line":56,"column":32}},"56":{"start":{"line":57,"column":0},"end":{"line":57,"column":29}},"57":{"start":{"line":58,"column":0},"end":{"line":58,"column":40}},"58":{"start":{"line":59,"column":0},"end":{"line":59,"column":60}},"59":{"start":{"line":60,"column":0},"end":{"line":60,"column":16}},"60":{"start":{"line":61,"column":0},"end":{"line":61,"column":29}},"61":{"start":{"line":62,"column":0},"end":{"line":62,"column":37}},"62":{"start":{"line":63,"column":0},"end":{"line":63,"column":64}},"63":{"start":{"line":64,"column":0},"end":{"line":64,"column":39}},"65":{"start":{"line":66,"column":0},"end":{"line":66,"column":36}},"66":{"start":{"line":67,"column":0},"end":{"line":67,"column":58}},"67":{"start":{"line":68,"column":0},"end":{"line":68,"column":20}},"68":{"start":{"line":69,"column":0},"end":{"line":69,"column":31}},"69":{"start":{"line":70,"column":0},"end":{"line":70,"column":32}},"70":{"start":{"line":71,"column":0},"end":{"line":71,"column":39}},"71":{"start":{"line":72,"column":0},"end":{"line":72,"column":33}},"72":{"start":{"line":73,"column":0},"end":{"line":73,"column":56}},"73":{"start":{"line":74,"column":0},"end":{"line":74,"column":16}},"74":{"start":{"line":75,"column":0},"end":{"line":75,"column":18}},"75":{"start":{"line":76,"column":0},"end":{"line":76,"column":12}},"77":{"start":{"line":78,"column":0},"end":{"line":78,"column":34}},"79":{"start":{"line":80,"column":0},"end":{"line":80,"column":19}},"80":{"start":{"line":81,"column":0},"end":{"line":81,"column":35}},"81":{"start":{"line":82,"column":0},"end":{"line":82,"column":58}},"82":{"start":{"line":83,"column":0},"end":{"line":83,"column":41}},"83":{"start":{"line":84,"column":0},"end":{"line":84,"column":10}},"84":{"start":{"line":85,"column":0},"end":{"line":85,"column":12}},"85":{"start":{"line":86,"column":0},"end":{"line":86,"column":29}},"86":{"start":{"line":87,"column":0},"end":{"line":87,"column":14}},"87":{"start":{"line":88,"column":0},"end":{"line":88,"column":26}},"88":{"start":{"line":89,"column":0},"end":{"line":89,"column":39}},"89":{"start":{"line":90,"column":0},"end":{"line":90,"column":37}},"90":{"start":{"line":91,"column":0},"end":{"line":91,"column":40}},"91":{"start":{"line":92,"column":0},"end":{"line":92,"column":10}},"93":{"start":{"line":94,"column":0},"end":{"line":94,"column":10}},"95":{"start":{"line":96,"column":0},"end":{"line":96,"column":2}},"96":{"start":{"line":97,"column":0},"end":{"line":97,"column":28}}},"s":{"0":1,"2":1,"3":1,"4":1,"6":1,"7":1,"8":1,"9":1,"10":1,"11":1,"13":1,"14":6,"15":6,"16":6,"17":6,"18":6,"19":6,"20":6,"21":6,"22":6,"23":6,"25":6,"26":6,"27":6,"28":6,"29":6,"31":6,"32":0,"33":0,"34":0,"35":0,"36":0,"38":6,"39":1,"40":1,"42":6,"43":6,"44":6,"45":6,"46":6,"47":6,"48":6,"50":6,"51":3,"52":6,"54":6,"55":6,"56":6,"57":6,"58":6,"59":30,"60":30,"61":30,"62":30,"63":30,"65":30,"66":30,"67":30,"68":30,"69":30,"70":30,"71":30,"72":30,"73":30,"74":30,"75":6,"77":0,"79":6,"80":6,"81":6,"82":6,"83":6,"84":6,"85":6,"86":0,"87":0,"88":0,"89":0,"90":0,"91":0,"93":6,"95":6,"96":1},"branchMap":{"0":{"type":"branch","line":14,"loc":{"start":{"line":14,"column":50},"end":{"line":96,"column":2}},"locations":[{"start":{"line":14,"column":50},"end":{"line":96,"column":2}}]},"1":{"type":"branch","line":76,"loc":{"start":{"line":76,"column":11},"end":{"line":78,"column":34}},"locations":[{"start":{"line":76,"column":11},"end":{"line":78,"column":34}}]},"2":{"type":"branch","line":86,"loc":{"start":{"line":86,"column":23},"end":{"line":92,"column":10}},"locations":[{"start":{"line":86,"column":23},"end":{"line":92,"column":10}}]},"3":{"type":"branch","line":39,"loc":{"start":{"line":39,"column":26},"end":{"line":41,"column":4}},"locations":[{"start":{"line":39,"column":26},"end":{"line":41,"column":4}}]},"4":{"type":"branch","line":51,"loc":{"start":{"line":51,"column":12},"end":{"line":53,"column":5}},"locations":[{"start":{"line":51,"column":12},"end":{"line":53,"column":5}}]},"5":{"type":"branch","line":59,"loc":{"start":{"line":59,"column":31},"end":{"line":75,"column":18}},"locations":[{"start":{"line":59,"column":31},"end":{"line":75,"column":18}}]},"6":{"type":"branch","line":63,"loc":{"start":{"line":63,"column":23},"end":{"line":63,"column":64}},"locations":[{"start":{"line":63,"column":23},"end":{"line":63,"column":64}}]}},"b":{"0":[6],"1":[0],"2":[0],"3":[1],"4":[3],"5":[30],"6":[1]},"fnMap":{"0":{"name":"SearchResult","decl":{"start":{"line":14,"column":50},"end":{"line":96,"column":2}},"loc":{"start":{"line":14,"column":50},"end":{"line":96,"column":2}},"line":14},"1":{"name":"handlePageChange","decl":{"start":{"line":32,"column":27},"end":{"line":37,"column":4}},"loc":{"start":{"line":32,"column":27},"end":{"line":37,"column":4}},"line":32},"2":{"name":"handleItemClick","decl":{"start":{"line":39,"column":26},"end":{"line":41,"column":4}},"loc":{"start":{"line":39,"column":26},"end":{"line":41,"column":4}},"line":39},"3":{"name":"onClick","decl":{"start":{"line":63,"column":23},"end":{"line":63,"column":64}},"loc":{"start":{"line":63,"column":23},"end":{"line":63,"column":64}},"line":63}},"f":{"0":6,"1":0,"2":1,"3":1}}
,"C:\\Users\\dns\\EPAM\\dasha2101-REACT2023Q4\\src\\components\\searchResult\\types\\index.ts": {"path":"C:\\Users\\dns\\EPAM\\dasha2101-REACT2023Q4\\src\\components\\searchResult\\types\\index.ts","all":true,"statementMap":{},"s":{},"branchMap":{"0":{"type":"branch","line":1,"loc":{"start":{"line":1,"column":279},"end":{"line":11,"column":1}},"locations":[{"start":{"line":1,"column":279},"end":{"line":11,"column":1}}]}},"b":{"0":[1]},"fnMap":{"0":{"name":"(empty-report)","decl":{"start":{"line":1,"column":279},"end":{"line":11,"column":1}},"loc":{"start":{"line":1,"column":279},"end":{"line":11,"column":1}},"line":1}},"f":{"0":1}}
,"C:\\Users\\dns\\EPAM\\dasha2101-REACT2023Q4\\src\\components\\serachContainer\\SearhContainer.tsx": {"path":"C:\\Users\\dns\\EPAM\\dasha2101-REACT2023Q4\\src\\components\\serachContainer\\SearhContainer.tsx","all":false,"statementMap":{"0":{"start":{"line":1,"column":0},"end":{"line":1,"column":26}},"2":{"start":{"line":3,"column":0},"end":{"line":3,"column":56}},"3":{"start":{"line":4,"column":0},"end":{"line":4,"column":31}},"5":{"start":{"line":6,"column":0},"end":{"line":6,"column":70}},"6":{"start":{"line":7,"column":0},"end":{"line":7,"column":65}},"7":{"start":{"line":8,"column":0},"end":{"line":8,"column":21}},"9":{"start":{"line":10,"column":0},"end":{"line":10,"column":10}},"10":{"start":{"line":11,"column":0},"end":{"line":11,"column":60}},"11":{"start":{"line":12,"column":0},"end":{"line":12,"column":12}},"12":{"start":{"line":13,"column":0},"end":{"line":13,"column":19}},"13":{"start":{"line":14,"column":0},"end":{"line":14,"column":27}},"14":{"start":{"line":15,"column":0},"end":{"line":15,"column":37}},"15":{"start":{"line":16,"column":0},"end":{"line":16,"column":40}},"16":{"start":{"line":17,"column":0},"end":{"line":17,"column":8}},"17":{"start":{"line":18,"column":0},"end":{"line":18,"column":43}},"18":{"start":{"line":19,"column":0},"end":{"line":19,"column":11}},"20":{"start":{"line":21,"column":0},"end":{"line":21,"column":2}},"22":{"start":{"line":23,"column":0},"end":{"line":23,"column":31}}},"s":{"0":1,"2":1,"3":1,"5":1,"6":12,"7":12,"9":12,"10":12,"11":12,"12":12,"13":12,"14":12,"15":12,"16":12,"17":12,"18":12,"20":12,"22":1},"branchMap":{"0":{"type":"branch","line":6,"loc":{"start":{"line":6,"column":51},"end":{"line":21,"column":2}},"locations":[{"start":{"line":6,"column":51},"end":{"line":21,"column":2}}]},"1":{"type":"branch","line":11,"loc":{"start":{"line":11,"column":20},"end":{"line":11,"column":60}},"locations":[{"start":{"line":11,"column":20},"end":{"line":11,"column":60}}]}},"b":{"0":[12],"1":[1]},"fnMap":{"0":{"name":"SearchComponent","decl":{"start":{"line":6,"column":51},"end":{"line":21,"column":2}},"loc":{"start":{"line":6,"column":51},"end":{"line":21,"column":2}},"line":6},"1":{"name":"onSubmit","decl":{"start":{"line":11,"column":20},"end":{"line":11,"column":60}},"loc":{"start":{"line":11,"column":20},"end":{"line":11,"column":60}},"line":11}},"f":{"0":12,"1":1}}
,"C:\\Users\\dns\\EPAM\\dasha2101-REACT2023Q4\\src\\components\\serachContainer\\types\\index.ts": {"path":"C:\\Users\\dns\\EPAM\\dasha2101-REACT2023Q4\\src\\components\\serachContainer\\types\\index.ts","all":true,"statementMap":{},"s":{},"branchMap":{"0":{"type":"branch","line":1,"loc":{"start":{"line":1,"column":128},"end":{"line":5,"column":1}},"locations":[{"start":{"line":1,"column":128},"end":{"line":5,"column":1}}]}},"b":{"0":[1]},"fnMap":{"0":{"name":"(empty-report)","decl":{"start":{"line":1,"column":128},"end":{"line":5,"column":1}},"loc":{"start":{"line":1,"column":128},"end":{"line":5,"column":1}},"line":1}},"f":{"0":1}}
,"C:\\Users\\dns\\EPAM\\dasha2101-REACT2023Q4\\src\\components\\switcher\\Switcher.tsx": {"path":"C:\\Users\\dns\\EPAM\\dasha2101-REACT2023Q4\\src\\components\\switcher\\Switcher.tsx","all":false,"statementMap":{"0":{"start":{"line":1,"column":0},"end":{"line":1,"column":26}},"1":{"start":{"line":2,"column":0},"end":{"line":2,"column":48}},"2":{"start":{"line":3,"column":0},"end":{"line":3,"column":24}},"4":{"start":{"line":5,"column":0},"end":{"line":5,"column":39}},"5":{"start":{"line":6,"column":0},"end":{"line":6,"column":41}},"7":{"start":{"line":8,"column":0},"end":{"line":8,"column":10}},"8":{"start":{"line":9,"column":0},"end":{"line":9,"column":36}},"9":{"start":{"line":10,"column":0},"end":{"line":10,"column":13}},"10":{"start":{"line":11,"column":0},"end":{"line":11,"column":14}},"11":{"start":{"line":12,"column":0},"end":{"line":12,"column":22}},"12":{"start":{"line":13,"column":0},"end":{"line":13,"column":22}},"13":{"start":{"line":14,"column":0},"end":{"line":14,"column":23}},"14":{"start":{"line":15,"column":0},"end":{"line":15,"column":37}},"15":{"start":{"line":16,"column":0},"end":{"line":16,"column":44}},"16":{"start":{"line":17,"column":0},"end":{"line":17,"column":10}},"18":{"start":{"line":19,"column":0},"end":{"line":19,"column":14}},"19":{"start":{"line":20,"column":0},"end":{"line":20,"column":13}},"20":{"start":{"line":21,"column":0},"end":{"line":21,"column":14}},"21":{"start":{"line":22,"column":0},"end":{"line":22,"column":22}},"22":{"start":{"line":23,"column":0},"end":{"line":23,"column":22}},"23":{"start":{"line":24,"column":0},"end":{"line":24,"column":22}},"24":{"start":{"line":25,"column":0},"end":{"line":25,"column":36}},"25":{"start":{"line":26,"column":0},"end":{"line":26,"column":43}},"26":{"start":{"line":27,"column":0},"end":{"line":27,"column":10}},"28":{"start":{"line":29,"column":0},"end":{"line":29,"column":14}},"29":{"start":{"line":30,"column":0},"end":{"line":30,"column":10}},"31":{"start":{"line":32,"column":0},"end":{"line":32,"column":2}},"33":{"start":{"line":34,"column":0},"end":{"line":34,"column":29}}},"s":{"0":1,"1":1,"2":1,"4":1,"5":5,"7":5,"8":5,"9":5,"10":5,"11":5,"12":5,"13":5,"14":5,"15":5,"16":5,"18":5,"19":5,"20":5,"21":5,"22":5,"23":5,"24":5,"25":5,"26":5,"28":5,"29":5,"31":5,"33":1},"branchMap":{"0":{"type":"branch","line":5,"loc":{"start":{"line":5,"column":32},"end":{"line":32,"column":2}},"locations":[{"start":{"line":5,"column":32},"end":{"line":32,"column":2}}]},"1":{"type":"branch","line":16,"loc":{"start":{"line":16,"column":20},"end":{"line":16,"column":44}},"locations":[{"start":{"line":16,"column":20},"end":{"line":16,"column":44}}]},"2":{"type":"branch","line":26,"loc":{"start":{"line":26,"column":20},"end":{"line":26,"column":43}},"locations":[{"start":{"line":26,"column":20},"end":{"line":26,"column":43}}]}},"b":{"0":[5],"1":[1],"2":[1]},"fnMap":{"0":{"name":"ThemeSwitcher","decl":{"start":{"line":5,"column":32},"end":{"line":32,"column":2}},"loc":{"start":{"line":5,"column":32},"end":{"line":32,"column":2}},"line":5},"1":{"name":"onChange","decl":{"start":{"line":16,"column":20},"end":{"line":16,"column":44}},"loc":{"start":{"line":16,"column":20},"end":{"line":16,"column":44}},"line":16},"2":{"name":"onChange","decl":{"start":{"line":26,"column":20},"end":{"line":26,"column":43}},"loc":{"start":{"line":26,"column":20},"end":{"line":26,"column":43}},"line":26}},"f":{"0":5,"1":1,"2":1}}
,"C:\\Users\\dns\\EPAM\\dasha2101-REACT2023Q4\\src\\components\\themeContainer\\ThemeContainer.tsx": {"path":"C:\\Users\\dns\\EPAM\\dasha2101-REACT2023Q4\\src\\components\\themeContainer\\ThemeContainer.tsx","all":false,"statementMap":{"0":{"start":{"line":1,"column":0},"end":{"line":1,"column":41}},"1":{"start":{"line":2,"column":0},"end":{"line":2,"column":48}},"2":{"start":{"line":3,"column":0},"end":{"line":3,"column":49}},"8":{"start":{"line":9,"column":0},"end":{"line":9,"column":75}},"9":{"start":{"line":10,"column":0},"end":{"line":10,"column":31}},"10":{"start":{"line":11,"column":0},"end":{"line":11,"column":10}},"11":{"start":{"line":12,"column":0},"end":{"line":12,"column":69}},"12":{"start":{"line":13,"column":0},"end":{"line":13,"column":23}},"13":{"start":{"line":14,"column":0},"end":{"line":14,"column":16}},"14":{"start":{"line":15,"column":0},"end":{"line":15,"column":10}},"16":{"start":{"line":17,"column":0},"end":{"line":17,"column":2}},"18":{"start":{"line":19,"column":0},"end":{"line":19,"column":31}}},"s":{"0":1,"1":1,"2":1,"8":1,"9":1,"10":1,"11":1,"12":1,"13":1,"14":1,"16":1,"18":1},"branchMap":{"0":{"type":"branch","line":9,"loc":{"start":{"line":9,"column":56},"end":{"line":17,"column":2}},"locations":[{"start":{"line":9,"column":56},"end":{"line":17,"column":2}}]}},"b":{"0":[1]},"fnMap":{"0":{"name":"ThemedContainer","decl":{"start":{"line":9,"column":56},"end":{"line":17,"column":2}},"loc":{"start":{"line":9,"column":56},"end":{"line":17,"column":2}},"line":9}},"f":{"0":1}}
,"C:\\Users\\dns\\EPAM\\dasha2101-REACT2023Q4\\src\\components\\themeContext\\ThemeContext.tsx": {"path":"C:\\Users\\dns\\EPAM\\dasha2101-REACT2023Q4\\src\\components\\themeContext\\ThemeContext.tsx","all":false,"statementMap":{"0":{"start":{"line":1,"column":0},"end":{"line":1,"column":66}},"7":{"start":{"line":8,"column":0},"end":{"line":8,"column":47}},"8":{"start":{"line":9,"column":0},"end":{"line":9,"column":16}},"9":{"start":{"line":10,"column":0},"end":{"line":10,"column":21}},"10":{"start":{"line":11,"column":0},"end":{"line":11,"column":2}},"12":{"start":{"line":13,"column":0},"end":{"line":13,"column":27}},"13":{"start":{"line":14,"column":0},"end":{"line":14,"column":55}},"15":{"start":{"line":16,"column":0},"end":{"line":16,"column":66}},"16":{"start":{"line":17,"column":0},"end":{"line":17,"column":11}},"17":{"start":{"line":18,"column":0},"end":{"line":18,"column":7}},"18":{"start":{"line":19,"column":0},"end":{"line":19,"column":64}},"20":{"start":{"line":21,"column":0},"end":{"line":21,"column":10}},"21":{"start":{"line":22,"column":0},"end":{"line":22,"column":55}},"22":{"start":{"line":23,"column":0},"end":{"line":23,"column":16}},"23":{"start":{"line":24,"column":0},"end":{"line":24,"column":28}},"25":{"start":{"line":26,"column":0},"end":{"line":26,"column":2}}},"s":{"0":1,"7":1,"8":1,"9":1,"10":1,"12":1,"13":1,"15":1,"16":1,"17":1,"18":1,"20":1,"21":1,"22":1,"23":1,"25":1},"branchMap":{"0":{"type":"branch","line":16,"loc":{"start":{"line":16,"column":64},"end":{"line":26,"column":2}},"locations":[{"start":{"line":16,"column":64},"end":{"line":26,"column":2}}]}},"b":{"0":[1]},"fnMap":{"0":{"name":"setTheme","decl":{"start":{"line":10,"column":12},"end":{"line":10,"column":21}},"loc":{"start":{"line":10,"column":12},"end":{"line":10,"column":21}},"line":10},"1":{"name":"ThemeProvider","decl":{"start":{"line":16,"column":64},"end":{"line":26,"column":2}},"loc":{"start":{"line":16,"column":64},"end":{"line":26,"column":2}},"line":16}},"f":{"0":0,"1":1}}
,"C:\\Users\\dns\\EPAM\\dasha2101-REACT2023Q4\\src\\hooks\\useCharacterDetails.ts": {"path":"C:\\Users\\dns\\EPAM\\dasha2101-REACT2023Q4\\src\\hooks\\useCharacterDetails.ts","all":false,"statementMap":{"0":{"start":{"line":1,"column":0},"end":{"line":1,"column":44}},"1":{"start":{"line":2,"column":0},"end":{"line":2,"column":60}},"3":{"start":{"line":4,"column":0},"end":{"line":4,"column":47}},"6":{"start":{"line":7,"column":0},"end":{"line":7,"column":76}},"7":{"start":{"line":8,"column":0},"end":{"line":8,"column":49}},"8":{"start":{"line":9,"column":0},"end":{"line":9,"column":74}},"9":{"start":{"line":10,"column":0},"end":{"line":10,"column":33}},"11":{"start":{"line":12,"column":0},"end":{"line":12,"column":73}},"13":{"start":{"line":14,"column":0},"end":{"line":14,"column":19}},"14":{"start":{"line":15,"column":0},"end":{"line":15,"column":21}},"15":{"start":{"line":16,"column":0},"end":{"line":16,"column":23}},"16":{"start":{"line":17,"column":0},"end":{"line":17,"column":12}},"17":{"start":{"line":18,"column":0},"end":{"line":18,"column":17}},"18":{"start":{"line":19,"column":0},"end":{"line":19,"column":25}},"19":{"start":{"line":20,"column":0},"end":{"line":20,"column":26}},"20":{"start":{"line":21,"column":0},"end":{"line":21,"column":29}},"21":{"start":{"line":22,"column":0},"end":{"line":22,"column":28}},"22":{"start":{"line":23,"column":0},"end":{"line":23,"column":17}},"23":{"start":{"line":24,"column":0},"end":{"line":24,"column":14}},"24":{"start":{"line":25,"column":0},"end":{"line":25,"column":26}},"25":{"start":{"line":26,"column":0},"end":{"line":26,"column":7}},"26":{"start":{"line":27,"column":0},"end":{"line":27,"column":5}},"28":{"start":{"line":29,"column":0},"end":{"line":29,"column":16}},"29":{"start":{"line":30,"column":0},"end":{"line":30,"column":56}},"30":{"start":{"line":31,"column":0},"end":{"line":31,"column":24}},"31":{"start":{"line":32,"column":0},"end":{"line":32,"column":5}},"32":{"start":{"line":33,"column":0},"end":{"line":33,"column":32}},"34":{"start":{"line":35,"column":0},"end":{"line":35,"column":29}},"35":{"start":{"line":36,"column":0},"end":{"line":36,"column":18}},"36":{"start":{"line":37,"column":0},"end":{"line":37,"column":14}},"37":{"start":{"line":38,"column":0},"end":{"line":38,"column":4}},"39":{"start":{"line":40,"column":0},"end":{"line":40,"column":47}},"40":{"start":{"line":41,"column":0},"end":{"line":41,"column":2}},"42":{"start":{"line":43,"column":0},"end":{"line":43,"column":35}}},"s":{"0":1,"1":1,"3":1,"6":1,"7":0,"8":0,"9":0,"11":0,"13":0,"14":0,"15":0,"16":0,"17":0,"18":0,"19":0,"20":0,"21":0,"22":0,"23":0,"24":0,"25":0,"26":0,"28":0,"29":0,"30":0,"31":0,"32":0,"34":0,"35":0,"36":0,"37":0,"39":0,"40":0,"42":1},"branchMap":{},"b":{},"fnMap":{"0":{"name":"useCharacterDetails","decl":{"start":{"line":7,"column":28},"end":{"line":41,"column":2}},"loc":{"start":{"line":7,"column":28},"end":{"line":41,"column":2}},"line":7}},"f":{"0":0}}
,"C:\\Users\\dns\\EPAM\\dasha2101-REACT2023Q4\\src\\hooks\\useDownloadCSV.ts": {"path":"C:\\Users\\dns\\EPAM\\dasha2101-REACT2023Q4\\src\\hooks\\useDownloadCSV.ts","all":false,"statementMap":{"0":{"start":{"line":1,"column":0},"end":{"line":1,"column":36}},"1":{"start":{"line":2,"column":0},"end":{"line":2,"column":36}},"4":{"start":{"line":5,"column":0},"end":{"line":5,"column":78}},"5":{"start":{"line":6,"column":0},"end":{"line":6,"column":47}},"6":{"start":{"line":7,"column":0},"end":{"line":7,"column":52}},"7":{"start":{"line":8,"column":0},"end":{"line":8,"column":37}},"8":{"start":{"line":9,"column":0},"end":{"line":9,"column":6}},"10":{"start":{"line":11,"column":0},"end":{"line":11,"column":62}},"11":{"start":{"line":12,"column":0},"end":{"line":12,"column":14}},"12":{"start":{"line":13,"column":0},"end":{"line":13,"column":26}},"13":{"start":{"line":14,"column":0},"end":{"line":14,"column":19}},"14":{"start":{"line":15,"column":0},"end":{"line":15,"column":85}},"15":{"start":{"line":16,"column":0},"end":{"line":16,"column":9}},"16":{"start":{"line":17,"column":0},"end":{"line":17,"column":7}},"17":{"start":{"line":18,"column":0},"end":{"line":18,"column":18}},"19":{"start":{"line":20,"column":0},"end":{"line":20,"column":77}},"20":{"start":{"line":21,"column":0},"end":{"line":21,"column":59}},"21":{"start":{"line":22,"column":0},"end":{"line":22,"column":29}},"23":{"start":{"line":24,"column":0},"end":{"line":24,"column":31}},"24":{"start":{"line":25,"column":0},"end":{"line":25,"column":2}},"26":{"start":{"line":27,"column":0},"end":{"line":27,"column":30}}},"s":{"0":1,"1":1,"4":1,"5":6,"6":0,"7":0,"8":0,"10":0,"11":0,"12":0,"13":0,"14":0,"15":0,"16":0,"17":0,"19":0,"20":0,"21":6,"23":6,"24":6,"26":1},"branchMap":{"0":{"type":"branch","line":5,"loc":{"start":{"line":5,"column":23},"end":{"line":25,"column":2}},"locations":[{"start":{"line":5,"column":23},"end":{"line":25,"column":2}}]}},"b":{"0":[6]},"fnMap":{"0":{"name":"useDownloadCSV","decl":{"start":{"line":5,"column":23},"end":{"line":25,"column":2}},"loc":{"start":{"line":5,"column":23},"end":{"line":25,"column":2}},"line":5}},"f":{"0":6}}
,"C:\\Users\\dns\\EPAM\\dasha2101-REACT2023Q4\\src\\hooks\\useLocalStorage.ts": {"path":"C:\\Users\\dns\\EPAM\\dasha2101-REACT2023Q4\\src\\hooks\\useLocalStorage.ts","all":false,"statementMap":{"0":{"start":{"line":1,"column":0},"end":{"line":1,"column":44}},"2":{"start":{"line":3,"column":0},"end":{"line":3,"column":69}},"3":{"start":{"line":4,"column":0},"end":{"line":4,"column":52}},"4":{"start":{"line":5,"column":0},"end":{"line":5,"column":50}},"5":{"start":{"line":6,"column":0},"end":{"line":6,"column":61}},"6":{"start":{"line":7,"column":0},"end":{"line":7,"column":5}},"8":{"start":{"line":9,"column":0},"end":{"line":9,"column":19}},"9":{"start":{"line":10,"column":0},"end":{"line":10,"column":37}},"10":{"start":{"line":11,"column":0},"end":{"line":11,"column":19}},"12":{"start":{"line":13,"column":0},"end":{"line":13,"column":36}},"13":{"start":{"line":14,"column":0},"end":{"line":14,"column":2}},"15":{"start":{"line":16,"column":0},"end":{"line":16,"column":31}}},"s":{"0":1,"2":1,"3":15,"4":8,"5":8,"6":15,"8":15,"9":10,"10":15,"12":15,"13":15,"15":1},"branchMap":{"0":{"type":"branch","line":3,"loc":{"start":{"line":3,"column":24},"end":{"line":14,"column":2}},"locations":[{"start":{"line":3,"column":24},"end":{"line":14,"column":2}}]},"1":{"type":"branch","line":4,"loc":{"start":{"line":4,"column":45},"end":{"line":7,"column":3}},"locations":[{"start":{"line":4,"column":45},"end":{"line":7,"column":3}}]},"2":{"type":"branch","line":6,"loc":{"start":{"line":6,"column":27},"end":{"line":6,"column":48}},"locations":[{"start":{"line":6,"column":27},"end":{"line":6,"column":48}}]},"3":{"type":"branch","line":6,"loc":{"start":{"line":6,"column":34},"end":{"line":6,"column":61}},"locations":[{"start":{"line":6,"column":34},"end":{"line":6,"column":61}}]},"4":{"type":"branch","line":9,"loc":{"start":{"line":9,"column":12},"end":{"line":11,"column":5}},"locations":[{"start":{"line":9,"column":12},"end":{"line":11,"column":5}}]}},"b":{"0":[15],"1":[8],"2":[3],"3":[5],"4":[10]},"fnMap":{"0":{"name":"useLocalStorage","decl":{"start":{"line":3,"column":24},"end":{"line":14,"column":2}},"loc":{"start":{"line":3,"column":24},"end":{"line":14,"column":2}},"line":3}},"f":{"0":15}}
,"C:\\Users\\dns\\EPAM\\dasha2101-REACT2023Q4\\src\\hooks\\usePagination.ts": {"path":"C:\\Users\\dns\\EPAM\\dasha2101-REACT2023Q4\\src\\hooks\\usePagination.ts","all":false,"statementMap":{"0":{"start":{"line":1,"column":0},"end":{"line":1,"column":44}},"10":{"start":{"line":11,"column":0},"end":{"line":11,"column":24}},"11":{"start":{"line":12,"column":0},"end":{"line":12,"column":18}},"12":{"start":{"line":13,"column":0},"end":{"line":13,"column":19}},"13":{"start":{"line":14,"column":0},"end":{"line":14,"column":19}},"14":{"start":{"line":15,"column":0},"end":{"line":15,"column":32}},"15":{"start":{"line":16,"column":0},"end":{"line":16,"column":62}},"16":{"start":{"line":17,"column":0},"end":{"line":17,"column":72}},"17":{"start":{"line":18,"column":0},"end":{"line":18,"column":52}},"18":{"start":{"line":19,"column":0},"end":{"line":19,"column":66}},"20":{"start":{"line":21,"column":0},"end":{"line":21,"column":19}},"21":{"start":{"line":22,"column":0},"end":{"line":22,"column":23}},"22":{"start":{"line":23,"column":0},"end":{"line":23,"column":22}},"23":{"start":{"line":24,"column":0},"end":{"line":24,"column":30}},"24":{"start":{"line":25,"column":0},"end":{"line":25,"column":26}},"25":{"start":{"line":26,"column":0},"end":{"line":26,"column":13}},"26":{"start":{"line":27,"column":0},"end":{"line":27,"column":20}},"28":{"start":{"line":29,"column":0},"end":{"line":29,"column":26}},"29":{"start":{"line":30,"column":0},"end":{"line":30,"column":35}},"30":{"start":{"line":31,"column":0},"end":{"line":31,"column":38}},"31":{"start":{"line":32,"column":0},"end":{"line":32,"column":5}},"32":{"start":{"line":33,"column":0},"end":{"line":33,"column":4}},"34":{"start":{"line":35,"column":0},"end":{"line":35,"column":26}},"35":{"start":{"line":36,"column":0},"end":{"line":36,"column":26}},"36":{"start":{"line":37,"column":0},"end":{"line":37,"column":38}},"37":{"start":{"line":38,"column":0},"end":{"line":38,"column":5}},"38":{"start":{"line":39,"column":0},"end":{"line":39,"column":4}},"40":{"start":{"line":41,"column":0},"end":{"line":41,"column":10}},"41":{"start":{"line":42,"column":0},"end":{"line":42,"column":27}},"42":{"start":{"line":43,"column":0},"end":{"line":43,"column":39}},"43":{"start":{"line":44,"column":0},"end":{"line":44,"column":32}},"44":{"start":{"line":45,"column":0},"end":{"line":45,"column":6}},"45":{"start":{"line":46,"column":0},"end":{"line":46,"column":14}},"46":{"start":{"line":47,"column":0},"end":{"line":47,"column":16}},"47":{"start":{"line":48,"column":0},"end":{"line":48,"column":15}},"48":{"start":{"line":49,"column":0},"end":{"line":49,"column":13}},"49":{"start":{"line":50,"column":0},"end":{"line":50,"column":13}},"50":{"start":{"line":51,"column":0},"end":{"line":51,"column":19}},"51":{"start":{"line":52,"column":0},"end":{"line":52,"column":4}},"52":{"start":{"line":53,"column":0},"end":{"line":53,"column":2}},"54":{"start":{"line":55,"column":0},"end":{"line":55,"column":29}}},"s":{"0":1,"10":1,"11":12,"12":12,"13":12,"14":12,"15":12,"16":12,"17":12,"18":12,"20":12,"21":4,"22":4,"23":0,"24":0,"25":4,"26":12,"28":12,"29":3,"30":2,"31":2,"32":3,"34":12,"35":3,"36":2,"37":2,"38":3,"40":12,"41":12,"42":12,"43":12,"44":12,"45":12,"46":12,"47":12,"48":12,"49":12,"50":12,"51":12,"52":12,"54":1},"branchMap":{"0":{"type":"branch","line":11,"loc":{"start":{"line":11,"column":22},"end":{"line":53,"column":2}},"locations":[{"start":{"line":11,"column":22},"end":{"line":53,"column":2}}]},"1":{"type":"branch","line":21,"loc":{"start":{"line":21,"column":12},"end":{"line":27,"column":5}},"locations":[{"start":{"line":21,"column":12},"end":{"line":27,"column":5}}]},"2":{"type":"branch","line":29,"loc":{"start":{"line":29,"column":19},"end":{"line":33,"column":4}},"locations":[{"start":{"line":29,"column":19},"end":{"line":33,"column":4}}]},"3":{"type":"branch","line":30,"loc":{"start":{"line":30,"column":34},"end":{"line":32,"column":5}},"locations":[{"start":{"line":30,"column":34},"end":{"line":32,"column":5}}]},"4":{"type":"branch","line":35,"loc":{"start":{"line":35,"column":19},"end":{"line":39,"column":4}},"locations":[{"start":{"line":35,"column":19},"end":{"line":39,"column":4}}]},"5":{"type":"branch","line":36,"loc":{"start":{"line":36,"column":25},"end":{"line":38,"column":5}},"locations":[{"start":{"line":36,"column":25},"end":{"line":38,"column":5}}]}},"b":{"0":[12],"1":[4],"2":[3],"3":[2],"4":[3],"5":[2]},"fnMap":{"0":{"name":"usePagination","decl":{"start":{"line":11,"column":22},"end":{"line":53,"column":2}},"loc":{"start":{"line":11,"column":22},"end":{"line":53,"column":2}},"line":11},"1":{"name":"nextPage","decl":{"start":{"line":29,"column":19},"end":{"line":33,"column":4}},"loc":{"start":{"line":29,"column":19},"end":{"line":33,"column":4}},"line":29},"2":{"name":"prevPage","decl":{"start":{"line":35,"column":19},"end":{"line":39,"column":4}},"loc":{"start":{"line":35,"column":19},"end":{"line":39,"column":4}},"line":35}},"f":{"0":12,"1":3,"2":3}}
,"C:\\Users\\dns\\EPAM\\dasha2101-REACT2023Q4\\src\\hooks\\useRouteParams.ts": {"path":"C:\\Users\\dns\\EPAM\\dasha2101-REACT2023Q4\\src\\hooks\\useRouteParams.ts","all":false,"statementMap":{"0":{"start":{"line":1,"column":0},"end":{"line":1,"column":44}},"1":{"start":{"line":2,"column":0},"end":{"line":2,"column":58}},"3":{"start":{"line":4,"column":0},"end":{"line":4,"column":30}},"4":{"start":{"line":5,"column":0},"end":{"line":5,"column":33}},"5":{"start":{"line":6,"column":0},"end":{"line":6,"column":48}},"6":{"start":{"line":7,"column":0},"end":{"line":7,"column":60}},"7":{"start":{"line":8,"column":0},"end":{"line":8,"column":68}},"8":{"start":{"line":9,"column":0},"end":{"line":9,"column":56}},"10":{"start":{"line":11,"column":0},"end":{"line":11,"column":19}},"11":{"start":{"line":12,"column":0},"end":{"line":12,"column":62}},"12":{"start":{"line":13,"column":0},"end":{"line":13,"column":50}},"13":{"start":{"line":14,"column":0},"end":{"line":14,"column":38}},"14":{"start":{"line":15,"column":0},"end":{"line":15,"column":42}},"15":{"start":{"line":16,"column":0},"end":{"line":16,"column":15}},"16":{"start":{"line":17,"column":0},"end":{"line":17,"column":37}},"17":{"start":{"line":18,"column":0},"end":{"line":18,"column":5}},"19":{"start":{"line":20,"column":0},"end":{"line":20,"column":20}},"20":{"start":{"line":21,"column":0},"end":{"line":21,"column":31}},"21":{"start":{"line":22,"column":0},"end":{"line":22,"column":12}},"22":{"start":{"line":23,"column":0},"end":{"line":23,"column":26}},"23":{"start":{"line":24,"column":0},"end":{"line":24,"column":5}},"24":{"start":{"line":25,"column":0},"end":{"line":25,"column":24}},"26":{"start":{"line":27,"column":0},"end":{"line":27,"column":19}},"27":{"start":{"line":28,"column":0},"end":{"line":28,"column":22}},"28":{"start":{"line":29,"column":0},"end":{"line":29,"column":44}},"29":{"start":{"line":30,"column":0},"end":{"line":30,"column":13}},"30":{"start":{"line":31,"column":0},"end":{"line":31,"column":5}},"31":{"start":{"line":32,"column":0},"end":{"line":32,"column":15}},"33":{"start":{"line":34,"column":0},"end":{"line":34,"column":43}},"34":{"start":{"line":35,"column":0},"end":{"line":35,"column":2}},"36":{"start":{"line":37,"column":0},"end":{"line":37,"column":30}}},"s":{"0":1,"1":1,"3":1,"4":5,"5":5,"6":5,"7":5,"8":5,"10":5,"11":3,"12":3,"13":3,"14":3,"15":3,"16":0,"17":0,"19":3,"20":0,"21":3,"22":3,"23":3,"24":5,"26":5,"27":3,"28":0,"29":0,"30":0,"31":5,"33":5,"34":5,"36":1},"branchMap":{"0":{"type":"branch","line":4,"loc":{"start":{"line":4,"column":23},"end":{"line":35,"column":2}},"locations":[{"start":{"line":4,"column":23},"end":{"line":35,"column":2}}]},"1":{"type":"branch","line":11,"loc":{"start":{"line":11,"column":12},"end":{"line":25,"column":5}},"locations":[{"start":{"line":11,"column":12},"end":{"line":25,"column":5}}]},"2":{"type":"branch","line":16,"loc":{"start":{"line":16,"column":14},"end":{"line":18,"column":5}},"locations":[{"start":{"line":16,"column":14},"end":{"line":18,"column":5}}]},"3":{"type":"branch","line":20,"loc":{"start":{"line":20,"column":19},"end":{"line":22,"column":11}},"locations":[{"start":{"line":20,"column":19},"end":{"line":22,"column":11}}]},"4":{"type":"branch","line":27,"loc":{"start":{"line":27,"column":12},"end":{"line":32,"column":5}},"locations":[{"start":{"line":27,"column":12},"end":{"line":32,"column":5}}]},"5":{"type":"branch","line":28,"loc":{"start":{"line":28,"column":21},"end":{"line":31,"column":5}},"locations":[{"start":{"line":28,"column":21},"end":{"line":31,"column":5}}]}},"b":{"0":[5],"1":[3],"2":[0],"3":[0],"4":[3],"5":[0]},"fnMap":{"0":{"name":"useRouteParams","decl":{"start":{"line":4,"column":23},"end":{"line":35,"column":2}},"loc":{"start":{"line":4,"column":23},"end":{"line":35,"column":2}},"line":4}},"f":{"0":5}}
,"C:\\Users\\dns\\EPAM\\dasha2101-REACT2023Q4\\src\\hooks\\useSeacrhQuery.ts": {"path":"C:\\Users\\dns\\EPAM\\dasha2101-REACT2023Q4\\src\\hooks\\useSeacrhQuery.ts","all":false,"statementMap":{"0":{"start":{"line":1,"column":0},"end":{"line":1,"column":34}},"1":{"start":{"line":2,"column":0},"end":{"line":2,"column":48}},"3":{"start":{"line":4,"column":0},"end":{"line":4,"column":70}},"4":{"start":{"line":5,"column":0},"end":{"line":5,"column":70}},"6":{"start":{"line":7,"column":0},"end":{"line":7,"column":19}},"7":{"start":{"line":8,"column":0},"end":{"line":8,"column":58}},"8":{"start":{"line":9,"column":0},"end":{"line":9,"column":21}},"9":{"start":{"line":10,"column":0},"end":{"line":10,"column":33}},"10":{"start":{"line":11,"column":0},"end":{"line":11,"column":5}},"11":{"start":{"line":12,"column":0},"end":{"line":12,"column":37}},"13":{"start":{"line":14,"column":0},"end":{"line":14,"column":78}},"14":{"start":{"line":15,"column":0},"end":{"line":15,"column":39}},"15":{"start":{"line":16,"column":0},"end":{"line":16,"column":4}},"17":{"start":{"line":18,"column":0},"end":{"line":18,"column":30}},"18":{"start":{"line":19,"column":0},"end":{"line":19,"column":44}},"19":{"start":{"line":20,"column":0},"end":{"line":20,"column":37}},"20":{"start":{"line":21,"column":0},"end":{"line":21,"column":8}},"21":{"start":{"line":22,"column":0},"end":{"line":22,"column":27}},"22":{"start":{"line":23,"column":0},"end":{"line":23,"column":26}},"23":{"start":{"line":24,"column":0},"end":{"line":24,"column":4}},"25":{"start":{"line":26,"column":0},"end":{"line":26,"column":34}},"26":{"start":{"line":27,"column":0},"end":{"line":27,"column":23}},"27":{"start":{"line":28,"column":0},"end":{"line":28,"column":42}},"28":{"start":{"line":29,"column":0},"end":{"line":29,"column":4}},"30":{"start":{"line":31,"column":0},"end":{"line":31,"column":10}},"31":{"start":{"line":32,"column":0},"end":{"line":32,"column":16}},"32":{"start":{"line":33,"column":0},"end":{"line":33,"column":23}},"33":{"start":{"line":34,"column":0},"end":{"line":34,"column":23}},"34":{"start":{"line":35,"column":0},"end":{"line":35,"column":21}},"35":{"start":{"line":36,"column":0},"end":{"line":36,"column":4}},"36":{"start":{"line":37,"column":0},"end":{"line":37,"column":2}},"38":{"start":{"line":39,"column":0},"end":{"line":39,"column":30}}},"s":{"0":1,"1":1,"3":1,"4":12,"6":12,"7":7,"8":7,"9":2,"10":2,"11":12,"13":12,"14":2,"15":2,"17":12,"18":1,"19":1,"20":1,"21":1,"22":1,"23":1,"25":12,"26":0,"27":0,"28":0,"30":12,"31":12,"32":12,"33":12,"34":12,"35":12,"36":12,"38":1},"branchMap":{"0":{"type":"branch","line":4,"loc":{"start":{"line":4,"column":23},"end":{"line":37,"column":2}},"locations":[{"start":{"line":4,"column":23},"end":{"line":37,"column":2}}]},"1":{"type":"branch","line":7,"loc":{"start":{"line":7,"column":12},"end":{"line":12,"column":5}},"locations":[{"start":{"line":7,"column":12},"end":{"line":12,"column":5}}]},"2":{"type":"branch","line":9,"loc":{"start":{"line":9,"column":20},"end":{"line":11,"column":5}},"locations":[{"start":{"line":9,"column":20},"end":{"line":11,"column":5}}]},"3":{"type":"branch","line":14,"loc":{"start":{"line":14,"column":29},"end":{"line":16,"column":4}},"locations":[{"start":{"line":14,"column":29},"end":{"line":16,"column":4}}]},"4":{"type":"branch","line":18,"loc":{"start":{"line":18,"column":29},"end":{"line":24,"column":4}},"locations":[{"start":{"line":18,"column":29},"end":{"line":24,"column":4}}]}},"b":{"0":[12],"1":[7],"2":[2],"3":[2],"4":[1]},"fnMap":{"0":{"name":"useSearchQuery","decl":{"start":{"line":4,"column":23},"end":{"line":37,"column":2}},"loc":{"start":{"line":4,"column":23},"end":{"line":37,"column":2}},"line":4},"1":{"name":"handleSearchChange","decl":{"start":{"line":14,"column":29},"end":{"line":16,"column":4}},"loc":{"start":{"line":14,"column":29},"end":{"line":16,"column":4}},"line":14},"2":{"name":"handleSearchSubmit","decl":{"start":{"line":18,"column":29},"end":{"line":24,"column":4}},"loc":{"start":{"line":18,"column":29},"end":{"line":24,"column":4}},"line":18},"3":{"name":"resetSearchQuery","decl":{"start":{"line":26,"column":27},"end":{"line":29,"column":4}},"loc":{"start":{"line":26,"column":27},"end":{"line":29,"column":4}},"line":26}},"f":{"0":12,"1":2,"2":1,"3":0}}
,"C:\\Users\\dns\\EPAM\\dasha2101-REACT2023Q4\\src\\hooks\\useSelectCharacter.ts": {"path":"C:\\Users\\dns\\EPAM\\dasha2101-REACT2023Q4\\src\\hooks\\useSelectCharacter.ts","all":false,"statementMap":{"0":{"start":{"line":1,"column":0},"end":{"line":1,"column":55}},"6":{"start":{"line":7,"column":0},"end":{"line":7,"column":36}},"8":{"start":{"line":9,"column":0},"end":{"line":9,"column":37}},"9":{"start":{"line":10,"column":0},"end":{"line":10,"column":33}},"10":{"start":{"line":11,"column":0},"end":{"line":11,"column":33}},"11":{"start":{"line":12,"column":0},"end":{"line":12,"column":61}},"12":{"start":{"line":13,"column":0},"end":{"line":13,"column":4}},"14":{"start":{"line":15,"column":0},"end":{"line":15,"column":68}},"15":{"start":{"line":16,"column":0},"end":{"line":16,"column":38}},"16":{"start":{"line":17,"column":0},"end":{"line":17,"column":27}},"17":{"start":{"line":18,"column":0},"end":{"line":18,"column":33}},"18":{"start":{"line":19,"column":0},"end":{"line":19,"column":12}},"19":{"start":{"line":20,"column":0},"end":{"line":20,"column":36}},"20":{"start":{"line":21,"column":0},"end":{"line":21,"column":5}},"21":{"start":{"line":22,"column":0},"end":{"line":22,"column":4}},"23":{"start":{"line":24,"column":0},"end":{"line":24,"column":32}},"24":{"start":{"line":25,"column":0},"end":{"line":25,"column":35}},"25":{"start":{"line":26,"column":0},"end":{"line":26,"column":4}},"27":{"start":{"line":28,"column":0},"end":{"line":28,"column":10}},"28":{"start":{"line":29,"column":0},"end":{"line":29,"column":15}},"29":{"start":{"line":30,"column":0},"end":{"line":30,"column":17}},"30":{"start":{"line":31,"column":0},"end":{"line":31,"column":19}},"31":{"start":{"line":32,"column":0},"end":{"line":32,"column":37}},"32":{"start":{"line":33,"column":0},"end":{"line":33,"column":4}},"33":{"start":{"line":34,"column":0},"end":{"line":34,"column":2}},"35":{"start":{"line":36,"column":0},"end":{"line":36,"column":37}}},"s":{"0":1,"6":1,"8":1,"9":6,"10":6,"11":6,"12":6,"14":6,"15":0,"16":0,"17":0,"18":0,"19":0,"20":0,"21":0,"23":6,"24":0,"25":0,"27":6,"28":6,"29":6,"30":6,"31":6,"32":6,"33":6,"35":1},"branchMap":{"0":{"type":"branch","line":9,"loc":{"start":{"line":9,"column":30},"end":{"line":34,"column":2}},"locations":[{"start":{"line":9,"column":30},"end":{"line":34,"column":2}}]},"1":{"type":"branch","line":12,"loc":{"start":{"line":12,"column":4},"end":{"line":12,"column":61}},"locations":[{"start":{"line":12,"column":4},"end":{"line":12,"column":61}}]}},"b":{"0":[6],"1":[9]},"fnMap":{"0":{"name":"useCharacterSelection","decl":{"start":{"line":9,"column":30},"end":{"line":34,"column":2}},"loc":{"start":{"line":9,"column":30},"end":{"line":34,"column":2}},"line":9},"1":{"name":"handleChange","decl":{"start":{"line":15,"column":23},"end":{"line":22,"column":4}},"loc":{"start":{"line":15,"column":23},"end":{"line":22,"column":4}},"line":15},"2":{"name":"handleClearAll","decl":{"start":{"line":24,"column":25},"end":{"line":26,"column":4}},"loc":{"start":{"line":24,"column":25},"end":{"line":26,"column":4}},"line":24}},"f":{"0":6,"1":0,"2":0}}
,"C:\\Users\\dns\\EPAM\\dasha2101-REACT2023Q4\\src\\hooks\\useStateApp.ts": {"path":"C:\\Users\\dns\\EPAM\\dasha2101-REACT2023Q4\\src\\hooks\\useStateApp.ts","all":false,"statementMap":{"0":{"start":{"line":1,"column":0},"end":{"line":1,"column":57}},"4":{"start":{"line":5,"column":0},"end":{"line":5,"column":28}},"6":{"start":{"line":7,"column":0},"end":{"line":7,"column":48}},"8":{"start":{"line":9,"column":0},"end":{"line":9,"column":33}},"9":{"start":{"line":10,"column":0},"end":{"line":10,"column":75}},"10":{"start":{"line":11,"column":0},"end":{"line":11,"column":52}},"11":{"start":{"line":12,"column":0},"end":{"line":12,"column":58}},"12":{"start":{"line":13,"column":0},"end":{"line":13,"column":56}},"13":{"start":{"line":14,"column":0},"end":{"line":14,"column":64}},"14":{"start":{"line":15,"column":0},"end":{"line":15,"column":22}},"15":{"start":{"line":16,"column":0},"end":{"line":16,"column":6}},"16":{"start":{"line":17,"column":0},"end":{"line":17,"column":4}},"17":{"start":{"line":18,"column":0},"end":{"line":18,"column":9}},"18":{"start":{"line":19,"column":0},"end":{"line":19,"column":21}},"19":{"start":{"line":20,"column":0},"end":{"line":20,"column":27}},"20":{"start":{"line":21,"column":0},"end":{"line":21,"column":37}},"21":{"start":{"line":22,"column":0},"end":{"line":22,"column":33}},"22":{"start":{"line":23,"column":0},"end":{"line":23,"column":9}},"23":{"start":{"line":24,"column":0},"end":{"line":24,"column":28}},"24":{"start":{"line":25,"column":0},"end":{"line":25,"column":30}},"25":{"start":{"line":26,"column":0},"end":{"line":26,"column":40}},"26":{"start":{"line":27,"column":0},"end":{"line":27,"column":70}},"28":{"start":{"line":29,"column":0},"end":{"line":29,"column":62}},"29":{"start":{"line":30,"column":0},"end":{"line":30,"column":30}},"30":{"start":{"line":31,"column":0},"end":{"line":31,"column":22}},"31":{"start":{"line":32,"column":0},"end":{"line":32,"column":26}},"32":{"start":{"line":33,"column":0},"end":{"line":33,"column":27}},"33":{"start":{"line":34,"column":0},"end":{"line":34,"column":21}},"34":{"start":{"line":35,"column":0},"end":{"line":35,"column":13}},"35":{"start":{"line":36,"column":0},"end":{"line":36,"column":4}},"37":{"start":{"line":38,"column":0},"end":{"line":38,"column":29}},"38":{"start":{"line":39,"column":0},"end":{"line":39,"column":23}},"39":{"start":{"line":40,"column":0},"end":{"line":40,"column":26}},"40":{"start":{"line":41,"column":0},"end":{"line":41,"column":19}},"41":{"start":{"line":42,"column":0},"end":{"line":42,"column":4}},"43":{"start":{"line":44,"column":0},"end":{"line":44,"column":45}},"44":{"start":{"line":45,"column":0},"end":{"line":45,"column":18}},"45":{"start":{"line":46,"column":0},"end":{"line":46,"column":32}},"46":{"start":{"line":47,"column":0},"end":{"line":47,"column":28}},"47":{"start":{"line":48,"column":0},"end":{"line":48,"column":39}},"48":{"start":{"line":49,"column":0},"end":{"line":49,"column":29}},"49":{"start":{"line":50,"column":0},"end":{"line":50,"column":30}},"50":{"start":{"line":51,"column":0},"end":{"line":51,"column":30}},"51":{"start":{"line":52,"column":0},"end":{"line":52,"column":48}},"52":{"start":{"line":53,"column":0},"end":{"line":53,"column":7}},"53":{"start":{"line":54,"column":0},"end":{"line":54,"column":5}},"54":{"start":{"line":55,"column":0},"end":{"line":55,"column":58}},"56":{"start":{"line":57,"column":0},"end":{"line":57,"column":35}},"57":{"start":{"line":58,"column":0},"end":{"line":58,"column":24}},"58":{"start":{"line":59,"column":0},"end":{"line":59,"column":32}},"59":{"start":{"line":60,"column":0},"end":{"line":60,"column":20}},"60":{"start":{"line":61,"column":0},"end":{"line":61,"column":37}},"61":{"start":{"line":62,"column":0},"end":{"line":62,"column":33}},"62":{"start":{"line":63,"column":0},"end":{"line":63,"column":46}},"63":{"start":{"line":64,"column":0},"end":{"line":64,"column":31}},"64":{"start":{"line":65,"column":0},"end":{"line":65,"column":32}},"65":{"start":{"line":66,"column":0},"end":{"line":66,"column":39}},"66":{"start":{"line":67,"column":0},"end":{"line":67,"column":55}},"67":{"start":{"line":68,"column":0},"end":{"line":68,"column":41}},"68":{"start":{"line":69,"column":0},"end":{"line":69,"column":34}},"69":{"start":{"line":70,"column":0},"end":{"line":70,"column":33}},"70":{"start":{"line":71,"column":0},"end":{"line":71,"column":18}},"71":{"start":{"line":72,"column":0},"end":{"line":72,"column":59}},"72":{"start":{"line":73,"column":0},"end":{"line":73,"column":11}},"73":{"start":{"line":74,"column":0},"end":{"line":74,"column":9}},"74":{"start":{"line":75,"column":0},"end":{"line":75,"column":7}},"75":{"start":{"line":76,"column":0},"end":{"line":76,"column":6}},"76":{"start":{"line":77,"column":0},"end":{"line":77,"column":5}},"77":{"start":{"line":78,"column":0},"end":{"line":78,"column":24}},"78":{"start":{"line":79,"column":0},"end":{"line":79,"column":25}},"79":{"start":{"line":80,"column":0},"end":{"line":80,"column":30}},"80":{"start":{"line":81,"column":0},"end":{"line":81,"column":25}},"81":{"start":{"line":82,"column":0},"end":{"line":82,"column":5}},"82":{"start":{"line":83,"column":0},"end":{"line":83,"column":4}},"84":{"start":{"line":85,"column":0},"end":{"line":85,"column":19}},"85":{"start":{"line":86,"column":0},"end":{"line":86,"column":26}},"86":{"start":{"line":87,"column":0},"end":{"line":87,"column":36}},"87":{"start":{"line":88,"column":0},"end":{"line":88,"column":12}},"88":{"start":{"line":89,"column":0},"end":{"line":89,"column":24}},"89":{"start":{"line":90,"column":0},"end":{"line":90,"column":5}},"90":{"start":{"line":91,"column":0},"end":{"line":91,"column":55}},"92":{"start":{"line":93,"column":0},"end":{"line":93,"column":35}},"93":{"start":{"line":94,"column":0},"end":{"line":94,"column":23}},"94":{"start":{"line":95,"column":0},"end":{"line":95,"column":25}},"95":{"start":{"line":96,"column":0},"end":{"line":96,"column":22}},"96":{"start":{"line":97,"column":0},"end":{"line":97,"column":26}},"97":{"start":{"line":98,"column":0},"end":{"line":98,"column":28}},"98":{"start":{"line":99,"column":0},"end":{"line":99,"column":21}},"99":{"start":{"line":100,"column":0},"end":{"line":100,"column":13}},"100":{"start":{"line":101,"column":0},"end":{"line":101,"column":4}},"102":{"start":{"line":103,"column":0},"end":{"line":103,"column":10}},"103":{"start":{"line":104,"column":0},"end":{"line":104,"column":14}},"104":{"start":{"line":105,"column":0},"end":{"line":105,"column":10}},"105":{"start":{"line":106,"column":0},"end":{"line":106,"column":18}},"106":{"start":{"line":107,"column":0},"end":{"line":107,"column":16}},"107":{"start":{"line":108,"column":0},"end":{"line":108,"column":20}},"108":{"start":{"line":109,"column":0},"end":{"line":109,"column":17}},"109":{"start":{"line":110,"column":0},"end":{"line":110,"column":22}},"110":{"start":{"line":111,"column":0},"end":{"line":111,"column":20}},"111":{"start":{"line":112,"column":0},"end":{"line":112,"column":4}},"112":{"start":{"line":113,"column":0},"end":{"line":113,"column":2}},"113":{"start":{"line":114,"column":0},"end":{"line":114,"column":33}}},"s":{"0":1,"4":1,"6":1,"8":1,"9":3,"10":3,"11":3,"12":3,"13":3,"14":3,"15":3,"16":3,"17":3,"18":3,"19":3,"20":3,"21":3,"22":3,"23":3,"24":3,"25":3,"26":3,"28":3,"29":0,"30":0,"31":0,"32":0,"33":0,"34":0,"35":0,"37":3,"38":2,"39":2,"40":2,"41":2,"43":3,"44":2,"45":2,"46":0,"47":0,"48":0,"49":0,"50":0,"51":0,"52":0,"53":0,"54":3,"56":3,"57":3,"58":0,"59":0,"60":0,"61":0,"62":0,"63":0,"64":0,"65":0,"66":0,"67":0,"68":0,"69":0,"70":0,"71":0,"72":0,"73":0,"74":0,"75":0,"76":3,"77":3,"78":3,"79":3,"80":3,"81":3,"82":3,"84":3,"85":1,"86":0,"87":1,"88":1,"89":1,"90":3,"92":3,"93":0,"94":0,"95":0,"96":0,"97":0,"98":0,"99":0,"100":0,"102":3,"103":3,"104":3,"105":3,"106":3,"107":3,"108":3,"109":3,"110":3,"111":3,"112":3,"113":1},"branchMap":{"0":{"type":"branch","line":9,"loc":{"start":{"line":9,"column":26},"end":{"line":113,"column":2}},"locations":[{"start":{"line":9,"column":26},"end":{"line":113,"column":2}}]},"1":{"type":"branch","line":38,"loc":{"start":{"line":38,"column":22},"end":{"line":42,"column":4}},"locations":[{"start":{"line":38,"column":22},"end":{"line":42,"column":4}}]},"2":{"type":"branch","line":44,"loc":{"start":{"line":44,"column":38},"end":{"line":55,"column":5}},"locations":[{"start":{"line":44,"column":38},"end":{"line":55,"column":5}}]},"3":{"type":"branch","line":46,"loc":{"start":{"line":46,"column":31},"end":{"line":54,"column":5}},"locations":[{"start":{"line":46,"column":31},"end":{"line":54,"column":5}}]},"4":{"type":"branch","line":85,"loc":{"start":{"line":85,"column":12},"end":{"line":91,"column":5}},"locations":[{"start":{"line":85,"column":12},"end":{"line":91,"column":5}}]},"5":{"type":"branch","line":86,"loc":{"start":{"line":86,"column":25},"end":{"line":88,"column":11}},"locations":[{"start":{"line":86,"column":25},"end":{"line":88,"column":11}}]}},"b":{"0":[3],"1":[2],"2":[2],"3":[0],"4":[1],"5":[0]},"fnMap":{"0":{"name":"useSearchAndFetch","decl":{"start":{"line":9,"column":26},"end":{"line":113,"column":2}},"loc":{"start":{"line":9,"column":26},"end":{"line":113,"column":2}},"line":9},"1":{"name":"updateSearchResults","decl":{"start":{"line":29,"column":30},"end":{"line":36,"column":4}},"loc":{"start":{"line":29,"column":30},"end":{"line":36,"column":4}},"line":29},"2":{"name":"updateState","decl":{"start":{"line":38,"column":22},"end":{"line":42,"column":4}},"loc":{"start":{"line":38,"column":22},"end":{"line":42,"column":4}},"line":38},"3":{"name":"handleResetSearch","decl":{"start":{"line":93,"column":28},"end":{"line":101,"column":4}},"loc":{"start":{"line":93,"column":28},"end":{"line":101,"column":4}},"line":93}},"f":{"0":3,"1":0,"2":2,"3":0}}
,"C:\\Users\\dns\\EPAM\\dasha2101-REACT2023Q4\\src\\hooks\\useTheme.ts": {"path":"C:\\Users\\dns\\EPAM\\dasha2101-REACT2023Q4\\src\\hooks\\useTheme.ts","all":false,"statementMap":{"0":{"start":{"line":1,"column":0},"end":{"line":1,"column":35}},"4":{"start":{"line":5,"column":0},"end":{"line":5,"column":49}},"6":{"start":{"line":7,"column":0},"end":{"line":7,"column":49}},"7":{"start":{"line":8,"column":0},"end":{"line":8,"column":43}},"8":{"start":{"line":9,"column":0},"end":{"line":9,"column":17}},"9":{"start":{"line":10,"column":0},"end":{"line":10,"column":2}}},"s":{"0":1,"4":1,"6":1,"7":6,"8":6,"9":6},"branchMap":{"0":{"type":"branch","line":7,"loc":{"start":{"line":7,"column":24},"end":{"line":10,"column":2}},"locations":[{"start":{"line":7,"column":24},"end":{"line":10,"column":2}}]}},"b":{"0":[6]},"fnMap":{"0":{"name":"useTheme","decl":{"start":{"line":7,"column":24},"end":{"line":10,"column":2}},"loc":{"start":{"line":7,"column":24},"end":{"line":10,"column":2}},"line":7}},"f":{"0":6}}
,"C:\\Users\\dns\\EPAM\\dasha2101-REACT2023Q4\\src\\pages\\Search.tsx": {"path":"C:\\Users\\dns\\EPAM\\dasha2101-REACT2023Q4\\src\\pages\\Search.tsx","all":false,"statementMap":{"0":{"start":{"line":1,"column":0},"end":{"line":1,"column":42}},"1":{"start":{"line":2,"column":0},"end":{"line":2,"column":47}},"2":{"start":{"line":3,"column":0},"end":{"line":3,"column":75}},"3":{"start":{"line":4,"column":0},"end":{"line":4,"column":53}},"4":{"start":{"line":5,"column":0},"end":{"line":5,"column":52}},"5":{"start":{"line":6,"column":0},"end":{"line":6,"column":67}},"6":{"start":{"line":7,"column":0},"end":{"line":7,"column":81}},"7":{"start":{"line":8,"column":0},"end":{"line":8,"column":58}},"8":{"start":{"line":9,"column":0},"end":{"line":9,"column":53}},"9":{"start":{"line":10,"column":0},"end":{"line":10,"column":22}},"11":{"start":{"line":12,"column":0},"end":{"line":12,"column":26}},"12":{"start":{"line":13,"column":0},"end":{"line":13,"column":33}},"13":{"start":{"line":14,"column":0},"end":{"line":14,"column":55}},"15":{"start":{"line":16,"column":0},"end":{"line":16,"column":9}},"16":{"start":{"line":17,"column":0},"end":{"line":17,"column":14}},"17":{"start":{"line":18,"column":0},"end":{"line":18,"column":10}},"18":{"start":{"line":19,"column":0},"end":{"line":19,"column":18}},"19":{"start":{"line":20,"column":0},"end":{"line":20,"column":16}},"20":{"start":{"line":21,"column":0},"end":{"line":21,"column":20}},"21":{"start":{"line":22,"column":0},"end":{"line":22,"column":20}},"22":{"start":{"line":23,"column":0},"end":{"line":23,"column":17}},"23":{"start":{"line":24,"column":0},"end":{"line":24,"column":22}},"24":{"start":{"line":25,"column":0},"end":{"line":25,"column":26}},"26":{"start":{"line":27,"column":0},"end":{"line":27,"column":50}},"27":{"start":{"line":28,"column":0},"end":{"line":28,"column":56}},"29":{"start":{"line":30,"column":0},"end":{"line":30,"column":19}},"30":{"start":{"line":31,"column":0},"end":{"line":31,"column":46}},"31":{"start":{"line":32,"column":0},"end":{"line":32,"column":52}},"33":{"start":{"line":34,"column":0},"end":{"line":34,"column":68}},"34":{"start":{"line":35,"column":0},"end":{"line":35,"column":26}},"35":{"start":{"line":36,"column":0},"end":{"line":36,"column":50}},"36":{"start":{"line":37,"column":0},"end":{"line":37,"column":12}},"37":{
[...]
}},"68":{"start":{"line":69,"column":0},"end":{"line":69,"column":8}},"69":{"start":{"line":70,"column":0},"end":{"line":70,"column":34}},"70":{"start":{"line":71,"column":0},"end":{"line":71,"column":41}},"71":{"start":{"line":72,"column":0},"end":{"line":72,"column":36}},"72":{"start":{"line":73,"column":0},"end":{"line":73,"column":41}},"73":{"start":{"line":74,"column":0},"end":{"line":74,"column":25}},"74":{"start":{"line":75,"column":0},"end":{"line":75,"column":37}},"75":{"start":{"line":76,"column":0},"end":{"line":76,"column":43}},"76":{"start":{"line":77,"column":0},"end":{"line":77,"column":39}},"77":{"start":{"line":78,"column":0},"end":{"line":78,"column":14}},"79":{"start":{"line":80,"column":0},"end":{"line":80,"column":42}},"80":{"start":{"line":81,"column":0},"end":{"line":81,"column":71}},"82":{"start":{"line":83,"column":0},"end":{"line":83,"column":14}},"83":{"start":{"line":84,"column":0},"end":{"line":84,"column":24}},"84":{"start":{"line":85,"column":0},"end":{"line":85,"column":39}},"85":{"start":{"line":86,"column":0},"end":{"line":86,"column":29}},"86":{"start":{"line":87,"column":0},"end":{"line":87,"column":29}},"87":{"start":{"line":88,"column":0},"end":{"line":88,"column":49}},"88":{"start":{"line":89,"column":0},"end":{"line":89,"column":14}},"89":{"start":{"line":90,"column":0},"end":{"line":90,"column":16}},"91":{"start":{"line":92,"column":0},"end":{"line":92,"column":12}},"92":{"start":{"line":93,"column":0},"end":{"line":93,"column":20}},"94":{"start":{"line":95,"column":0},"end":{"line":95,"column":2}},"96":{"start":{"line":97,"column":0},"end":{"line":97,"column":26}}},"s":{"0":1,"1":1,"2":1,"3":1,"4":1,"5":1,"6":1,"7":1,"8":1,"9":1,"11":1,"12":7,"13":7,"15":7,"16":7,"17":7,"18":7,"19":7,"20":7,"21":7,"22":7,"23":7,"24":7,"26":7,"27":7,"29":7,"30":5,"31":5,"33":5,"34":5,"35":1,"36":4,"37":4,"38":4,"39":7,"41":7,"42":5,"43":0,"44":0,"45":7,"47":7,"48":0,"49":0,"50":0,"51":0,"53":7,"54":0,"55":0,"56":0,"58":7,"59":7,"60":7,"61":7,"62":7,"64":7,"65":7,"66":7,"67":7,"68":7,"69":7,"70":7,"71":7,"72":7,"73":0,"74":0,"75":0,"76":0,"77":0,"79":7,"80":6,"82":7,"83":7,"84":0,"85":0,"86":0,"87":0,"88":0,"89":0,"91":7,"92":7,"94":7,"96":1},"branchMap":{"0":{"type":"branch","line":12,"loc":{"start":{"line":12,"column":19},"end":{"line":95,"column":2}},"locations":[{"start":{"line":12,"column":19},"end":{"line":95,"column":2}}]},"1":{"type":"branch","line":62,"loc":{"start":{"line":62,"column":20},"end":{"line":62,"column":32}},"locations":[{"start":{"line":62,"column":20},"end":{"line":62,"column":32}}]},"2":{"type":"branch","line":72,"loc":{"start":{"line":72,"column":11},"end":{"line":72,"column":36}},"locations":[{"start":{"line":72,"column":11},"end":{"line":72,"column":36}}]},"3":{"type":"branch","line":73,"loc":{"start":{"line":73,"column":12},"end":{"line":73,"column":41}},"locations":[{"start":{"line":73,"column":12},"end":{"line":73,"column":41}}]},"4":{"type":"branch","line":73,"loc":{"start":{"line":73,"column":25},"end":{"line":78,"column":14}},"locations":[{"start":{"line":73,"column":25},"end":{"line":78,"column":14}}]},"5":{"type":"branch","line":80,"loc":{"start":{"line":80,"column":12},"end":{"line":80,"column":42}},"locations":[{"start":{"line":80,"column":12},"end":{"line":80,"column":42}}]},"6":{"type":"branch","line":80,"loc":{"start":{"line":80,"column":26},"end":{"line":81,"column":71}},"locations":[{"start":{"line":80,"column":26},"end":{"line":81,"column":71}}]},"7":{"type":"branch","line":84,"loc":{"start":{"line":84,"column":9},"end":{"line":90,"column":16}},"locations":[{"start":{"line":84,"column":9},"end":{"line":90,"column":16}}]},"8":{"type":"branch","line":30,"loc":{"start":{"line":30,"column":12},"end":{"line":40,"column":5}},"locations":[{"start":{"line":30,"column":12},"end":{"line":40,"column":5}}]},"9":{"type":"branch","line":35,"loc":{"start":{"line":35,"column":25},"end":{"line":39,"column":5}},"locations":[{"start":{"line":35,"column":25},"end":{"line":39,"column":5}}]},"10":{"type":"branch","line":35,"loc":{"start":{"line":35,"column":25},"end":{"line":37,"column":11}},"locations":[{"start":{"line":35,"column":25},"end":{"line":37,"column":11}}]},"11":{"type":"branch","line":42,"loc":{"start":{"line":42,"column":12},"end":{"line":46,"column":5}},"locations":[{"start":{"line":42,"column":12},"end":{"line":46,"column":5}}]},"12":{"type":"branch","line":43,"loc":{"start":{"line":43,"column":8},"end":{"line":43,"column":34}},"locations":[{"start":{"line":43,"column":8},"end":{"line":43,"column":34}}]},"13":{"type":"branch","line":43,"loc":{"start":{"line":43,"column":34},"end":{"line":45,"column":5}},"locations":[{"start":{"line":43,"column":34},"end":{"line":45,"column":5}}]}},"b":{"0":[7],"1":[6],"2":[1],"3":[6],"4":[0],"5":[6],"6":[6],"7":[0],"8":[5],"9":[4],"10":[1],"11":[5],"12":[1],"13":[0]},"fnMap":{"0":{"name":"SearchPage","decl":{"start":{"line":12,"column":19},"end":{"line":95,"column":2}},"loc":{"start":{"line":12,"column":19},"end":{"line":95,"column":2}},"line":12},"1":{"name":"handleItemClick","decl":{"start":{"line":48,"column":26},"end":{"line":52,"column":4}},"loc":{"start":{"line":48,"column":26},"end":{"line":52,"column":4}},"line":48},"2":{"name":"handleSearchAndUpdatePage","decl":{"start":{"line":54,"column":36},"end":{"line":57,"column":4}},"loc":{"start":{"line":54,"column":36},"end":{"line":57,"column":4}},"line":54},"3":{"name":"onClose","decl":{"start":{"line":88,"column":23},"end":{"line":88,"column":49}},"loc":{"start":{"line":88,"column":23},"end":{"line":88,"column":49}},"line":88}},"f":{"0":7,"1":0,"2":0,"3":0}}
,"C:\\Users\\dns\\EPAM\\dasha2101-REACT2023Q4\\src\\redux\\characterSelSlice.tsx": {"path":"C:\\Users\\dns\\EPAM\\dasha2101-REACT2023Q4\\src\\redux\\characterSelSlice.tsx","all":false,"statementMap":{"0":{"start":{"line":1,"column":0},"end":{"line":1,"column":62}},"3":{"start":{"line":4,"column":0},"end":{"line":4,"column":65}},"4":{"start":{"line":5,"column":0},"end":{"line":5,"column":17}},"5":{"start":{"line":6,"column":0},"end":{"line":6,"column":2}},"7":{"start":{"line":8,"column":0},"end":{"line":8,"column":39}},"8":{"start":{"line":9,"column":0},"end":{"line":9,"column":29}},"9":{"start":{"line":10,"column":0},"end":{"line":10,"column":47}},"10":{"start":{"line":11,"column":0},"end":{"line":11,"column":13}},"11":{"start":{"line":12,"column":0},"end":{"line":12,"column":56}},"12":{"start":{"line":13,"column":0},"end":{"line":13,"column":44}},"13":{"start":{"line":14,"column":0},"end":{"line":14,"column":6}},"14":{"start":{"line":15,"column":0},"end":{"line":15,"column":59}},"15":{"start":{"line":16,"column":0},"end":{"line":16,"column":80}},"16":{"start":{"line":17,"column":0},"end":{"line":17,"column":6}},"17":{"start":{"line":18,"column":0},"end":{"line":18,"column":31}},"18":{"start":{"line":19,"column":0},"end":{"line":19,"column":28}},"19":{"start":{"line":20,"column":0},"end":{"line":20,"column":6}},"20":{"start":{"line":21,"column":0},"end":{"line":21,"column":4}},"21":{"start":{"line":22,"column":0},"end":{"line":22,"column":3}},"23":{"start":{"line":24,"column":0},"end":{"line":24,"column":68}},"24":{"start":{"line":25,"column":0},"end":{"line":25,"column":28}},"25":{"start":{"line":26,"column":0},"end":{"line":26,"column":41}}},"s":{"0":1,"3":1,"4":1,"5":1,"7":1,"8":1,"9":1,"10":1,"11":1,"12":1,"13":1,"14":1,"15":1,"16":1,"17":1,"18":1,"19":1,"20":1,"21":1,"23":1,"24":1,"25":1},"branchMap":{"0":{"type":"branch","line":12,"loc":{"start":{"line":12,"column":4},"end":{"line":14,"column":6}},"locations":[{"start":{"line":12,"column":4},"end":{"line":14,"column":6}}]},"1":{"type":"branch","line":15,"loc":{"start":{"line":15,"column":4},"end":{"line":17,"column":6}},"locations":[{"start":{"line":15,"column":4},"end":{"line":17,"column":6}}]},"2":{"type":"branch","line":16,"loc":{"start":{"line":16,"column":49},"end":{"line":16,"column":78}},"locations":[{"start":{"line":16,"column":49},"end":{"line":16,"column":78}}]},"3":{"type":"branch","line":18,"loc":{"start":{"line":18,"column":4},"end":{"line":20,"column":6}},"locations":[{"start":{"line":18,"column":4},"end":{"line":20,"column":6}}]}},"b":{"0":[1],"1":[1],"2":[3],"3":[1]},"fnMap":{"0":{"name":"addCharacter","decl":{"start":{"line":12,"column":4},"end":{"line":14,"column":6}},"loc":{"start":{"line":12,"column":4},"end":{"line":14,"column":6}},"line":12},"1":{"name":"removeCharacter","decl":{"start":{"line":15,"column":4},"end":{"line":17,"column":6}},"loc":{"start":{"line":15,"column":4},"end":{"line":17,"column":6}},"line":15},"2":{"name":"clearAllCharacters","decl":{"start":{"line":18,"column":4},"end":{"line":20,"column":6}},"loc":{"start":{"line":18,"column":4},"end":{"line":20,"column":6}},"line":18}},"f":{"0":1,"1":1,"2":1}}
,"C:\\Users\\dns\\EPAM\\dasha2101-REACT2023Q4\\src\\redux\\characterSlice.tsx": {"path":"C:\\Users\\dns\\EPAM\\dasha2101-REACT2023Q4\\src\\redux\\characterSlice.tsx","all":false,"statementMap":{"0":{"start":{"line":1,"column":0},"end":{"line":1,"column":62}},"3":{"start":{"line":4,"column":0},"end":{"line":4,"column":49}},"4":{"start":{"line":5,"column":0},"end":{"line":5,"column":17}},"5":{"start":{"line":6,"column":0},"end":{"line":6,"column":2}},"7":{"start":{"line":8,"column":0},"end":{"line":8,"column":37}},"8":{"start":{"line":9,"column":0},"end":{"line":9,"column":21}},"9":{"start":{"line":10,"column":0},"end":{"line":10,"column":39}},"10":{"start":{"line":11,"column":0},"end":{"line":11,"column":13}},"11":{"start":{"line":12,"column":0},"end":{"line":12,"column":62}},"12":{"start":{"line":13,"column":0},"end":{"line":13,"column":40}},"13":{"start":{"line":14,"column":0},"end":{"line":14,"column":6}},"14":{"start":{"line":15,"column":0},"end":{"line":15,"column":4}},"15":{"start":{"line":16,"column":0},"end":{"line":16,"column":3}},"17":{"start":{"line":18,"column":0},"end":{"line":18,"column":57}},"18":{"start":{"line":19,"column":0},"end":{"line":19,"column":39}}},"s":{"0":1,"3":1,"4":1,"5":1,"7":1,"8":1,"9":1,"10":1,"11":1,"12":1,"13":1,"14":1,"15":1,"17":1,"18":1},"branchMap":{"0":{"type":"branch","line":12,"loc":{"start":{"line":12,"column":4},"end":{"line":14,"column":6}},"locations":[{"start":{"line":12,"column":4},"end":{"line":14,"column":6}}]}},"b":{"0":[1]},"fnMap":{"0":{"name":"setCharacters","decl":{"start":{"line":12,"column":4},"end":{"line":14,"column":6}},"loc":{"start":{"line":12,"column":4},"end":{"line":14,"column":6}},"line":12}},"f":{"0":1}}
,"C:\\Users\\dns\\EPAM\\dasha2101-REACT2023Q4\\src\\redux\\pageSlice.tsx": {"path":"C:\\Users\\dns\\EPAM\\dasha2101-REACT2023Q4\\src\\redux\\pageSlice.tsx","all":false,"statementMap":{"0":{"start":{"line":1,"column":0},"end":{"line":1,"column":62}},"3":{"start":{"line":4,"column":0},"end":{"line":4,"column":37}},"4":{"start":{"line":5,"column":0},"end":{"line":5,"column":17}},"5":{"start":{"line":6,"column":0},"end":{"line":6,"column":2}},"7":{"start":{"line":8,"column":0},"end":{"line":8,"column":31}},"8":{"start":{"line":9,"column":0},"end":{"line":9,"column":15}},"9":{"start":{"line":10,"column":0},"end":{"line":10,"column":33}},"10":{"start":{"line":11,"column":0},"end":{"line":11,"column":13}},"11":{"start":{"line":12,"column":0},"end":{"line":12,"column":51}},"12":{"start":{"line":13,"column":0},"end":{"line":13,"column":41}},"13":{"start":{"line":14,"column":0},"end":{"line":14,"column":6}},"14":{"start":{"line":15,"column":0},"end":{"line":15,"column":4}},"15":{"start":{"line":16,"column":0},"end":{"line":16,"column":3}},"17":{"start":{"line":18,"column":0},"end":{"line":18,"column":45}},"18":{"start":{"line":19,"column":0},"end":{"line":19,"column":33}}},"s":{"0":1,"3":1,"4":1,"5":1,"7":1,"8":1,"9":1,"10":1,"11":1,"12":1,"13":1,"14":1,"15":1,"17":1,"18":1},"branchMap":{"0":{"type":"branch","line":12,"loc":{"start":{"line":12,"column":4},"end":{"line":14,"column":6}},"locations":[{"start":{"line":12,"column":4},"end":{"line":14,"column":6}}]}},"b":{"0":[1]},"fnMap":{"0":{"name":"setPage","decl":{"start":{"line":12,"column":4},"end":{"line":14,"column":6}},"loc":{"start":{"line":12,"column":4},"end":{"line":14,"column":6}},"line":12}},"f":{"0":1}}
,"C:\\Users\\dns\\EPAM\\dasha2101-REACT2023Q4\\src\\redux\\store.tsx": {"path":"C:\\Users\\dns\\EPAM\\dasha2101-REACT2023Q4\\src\\redux\\store.tsx","all":false,"statementMap":{"0":{"start":{"line":1,"column":0},"end":{"line":1,"column":50}},"1":{"start":{"line":2,"column":0},"end":{"line":2,"column":36}},"2":{"start":{"line":3,"column":0},"end":{"line":3,"column":52}},"3":{"start":{"line":4,"column":0},"end":{"line":4,"column":53}},"5":{"start":{"line":6,"column":0},"end":{"line":6,"column":30}},"6":{"start":{"line":7,"column":0},"end":{"line":7,"column":12}},"7":{"start":{"line":8,"column":0},"end":{"line":8,"column":20}},"8":{"start":{"line":9,"column":0},"end":{"line":9,"column":42}},"9":{"start":{"line":10,"column":0},"end":{"line":10,"column":59}},"10":{"start":{"line":11,"column":0},"end":{"line":11,"column":4}},"11":{"start":{"line":12,"column":0},"end":{"line":12,"column":39}},"12":{"start":{"line":13,"column":0},"end":{"line":13,"column":62}},"13":{"start":{"line":14,"column":0},"end":{"line":14,"column":3}},"16":{"start":{"line":17,"column":0},"end":{"line":17,"column":21}}},"s":{"0":1,"1":1,"2":1,"3":1,"5":1,"6":1,"7":1,"8":1,"9":1,"10":1,"11":1,"12":1,"13":1,"16":1},"branchMap":{"0":{"type":"branch","line":12,"loc":{"start":{"line":12,"column":14},"end":{"line":13,"column":62}},"locations":[{"start":{"line":12,"column":14},"end":{"line":13,"column":62}}]}},"b":{"0":[1]},"fnMap":{"0":{"name":"middleware","decl":{"start":{"line":12,"column":14},"end":{"line":13,"column":62}},"loc":{"start":{"line":12,"column":14},"end":{"line":13,"column":62}},"line":12}},"f":{"0":1}}
,"C:\\Users\\dns\\EPAM\\dasha2101-REACT2023Q4\\src\\redux\\types\\index.tsx": {"path":"C:\\Users\\dns\\EPAM\\dasha2101-REACT2023Q4\\src\\redux\\types\\index.tsx","all":true,"statementMap":{},"s":{},"branchMap":{"0":{"type":"branch","line":1,"loc":{"start":{"line":1,"column":284},"end":{"line":17,"column":1}},"locations":[{"start":{"line":1,"column":284},"end":{"line":17,"column":1}}]}},"b":{"0":[1]},"fnMap":{"0":{"name":"(empty-report)","decl":{"start":{"line":1,"column":284},"end":{"line":17,"column":1}},"loc":{"start":{"line":1,"column":284},"end":{"line":17,"column":1}},"line":1}},"f":{"0":1}}
,"C:\\Users\\dns\\EPAM\\dasha2101-REACT2023Q4\\src\\router\\Router.tsx": {"path":"C:\\Users\\dns\\EPAM\\dasha2101-REACT2023Q4\\src\\router\\Router.tsx","all":false,"statementMap":{"0":{"start":{"line":1,"column":0},"end":{"line":1,"column":26}},"1":{"start":{"line":2,"column":0},"end":{"line":2,"column":74}},"2":{"start":{"line":3,"column":0},"end":{"line":3,"column":63}},"3":{"start":{"line":4,"column":0},"end":{"line":4,"column":41}},"5":{"start":{"line":6,"column":0},"end":{"line":6,"column":41}},"6":{"start":{"line":7,"column":0},"end":{"line":7,"column":10}},"7":{"start":{"line":8,"column":0},"end":{"line":8,"column":12}},"8":{"start":{"line":9,"column":0},"end":{"line":9,"column":42}},"9":{"start":{"line":10,"column":0},"end":{"line":10,"column":16}},"10":{"start":{"line":11,"column":0},"end":{"line":11,"column":53}},"11":{"start":{"line":12,"column":0},"end":{"line":12,"column":66}},"12":{"start":{"line":13,"column":0},"end":{"line":13,"column":51}},"13":{"start":{"line":14,"column":0},"end":{"line":14,"column":17}},"14":{"start":{"line":15,"column":0},"end":{"line":15,"column":12}},"15":{"start":{"line":16,"column":0},"end":{"line":16,"column":13}},"17":{"start":{"line":18,"column":0},"end":{"line":18,"column":2}},"19":{"start":{"line":20,"column":0},"end":{"line":20,"column":31}}},"s":{"0":1,"1":1,"2":1,"3":1,"5":1,"6":1,"7":1,"8":1,"9":1,"10":1,"11":1,"12":1,"13":1,"14":1,"15":1,"17":1,"19":1},"branchMap":{"0":{"type":"branch","line":6,"loc":{"start":{"line":6,"column":34},"end":{"line":18,"column":2}},"locations":[{"start":{"line":6,"column":34},"end":{"line":18,"column":2}}]}},"b":{"0":[1]},"fnMap":{"0":{"name":"RouterComponent","decl":{"start":{"line":6,"column":34},"end":{"line":18,"column":2}},"loc":{"start":{"line":6,"column":34},"end":{"line":18,"column":2}},"line":6}},"f":{"0":1}}
,"C:\\Users\\dns\\EPAM\\dasha2101-REACT2023Q4\\src\\services\\rtkApi\\index.tsx": {"path":"C:\\Users\\dns\\EPAM\\dasha2101-REACT2023Q4\\src\\services\\rtkApi\\index.tsx","all":false,"statementMap":{"0":{"start":{"line":1,"column":0},"end":{"line":1,"column":73}},"3":{"start":{"line":4,"column":0},"end":{"line":4,"column":61}},"5":{"start":{"line":6,"column":0},"end":{"line":6,"column":42}},"6":{"start":{"line":7,"column":0},"end":{"line":7,"column":33}},"7":{"start":{"line":8,"column":0},"end":{"line":8,"column":51}},"8":{"start":{"line":9,"column":0},"end":{"line":9,"column":28}},"9":{"start":{"line":10,"column":0},"end":{"line":10,"column":64}},"10":{"start":{"line":11,"column":0},"end":{"line":11,"column":43}},"11":{"start":{"line":12,"column":0},"end":{"line":12,"column":7}},"12":{"start":{"line":13,"column":0},"end":{"line":13,"column":38}},"15":{"start":{"line":16,"column":0},"end":{"line":16,"column":7}},"16":{"start":{"line":17,"column":0},"end":{"line":17,"column":75}},"17":{"start":{"line":18,"column":0},"end":{"line":18,"column":7}},"18":{"start":{"line":19,"column":0},"end":{"line":19,"column":59}},"19":{"start":{"line":20,"column":0},"end":{"line":20,"column":29}},"20":{"start":{"line":21,"column":0},"end":{"line":21,"column":7}},"21":{"start":{"line":22,"column":0},"end":{"line":22,"column":5}},"22":{"start":{"line":23,"column":0},"end":{"line":23,"column":3}},"24":{"start":{"line":25,"column":0},"end":{"line":25,"column":14}},"25":{"start":{"line":26,"column":0},"end":{"line":26,"column":26}},"26":{"start":{"line":27,"column":0},"end":{"line":27,"column":29}},"27":{"start":{"line":28,"column":0},"end":{"line":28,"column":25}},"28":{"start":{"line":29,"column":0},"end":{"line":29,"column":20}}},"s":{"0":1,"3":1,"5":1,"6":1,"7":1,"8":1,"9":5,"10":5,"11":5,"12":5,"15":5,"16":5,"17":5,"18":5,"19":5,"20":5,"21":5,"22":1,"24":1,"25":1,"26":1,"27":1,"28":1},"branchMap":{"0":{"type":"branch","line":9,"loc":{"start":{"line":9,"column":13},"end":{"line":22,"column":5}},"locations":[{"start":{"line":9,"column":13},"end":{"line":22,"column":5}}]},"1":{"type":"branch","line":11,"loc":{"start":{"line":11,"column":13},"end":{"line":11,"column":43}},"locations":[{"start":{"line":11,"column":13},"end":{"line":11,"column":43}}]},"2":{"type":"branch","line":17,"loc":{"start":{"line":17,"column":13},"end":{"line":17,"column":75}},"locations":[{"start":{"line":17,"column":13},"end":{"line":17,"column":75}}]}},"b":{"0":[5],"1":[1],"2":[1]},"fnMap":{"0":{"name":"endpoints","decl":{"start":{"line":9,"column":13},"end":{"line":22,"column":5}},"loc":{"start":{"line":9,"column":13},"end":{"line":22,"column":5}},"line":9},"1":{"name":"query","decl":{"start":{"line":11,"column":13},"end":{"line":11,"column":43}},"loc":{"start":{"line":11,"column":13},"end":{"line":11,"column":43}},"line":11},"2":{"name":"query","decl":{"start":{"line":17,"column":13},"end":{"line":17,"column":75}},"loc":{"start":{"line":17,"column":13},"end":{"line":17,"column":75}},"line":17},"3":{"name":"query","decl":{"start":{"line":20,"column":13},"end":{"line":20,"column":29}},"loc":{"start":{"line":20,"column":13},"end":{"line":20,"column":29}},"line":20}},"f":{"0":5,"1":1,"2":1,"3":0}}
,"C:\\Users\\dns\\EPAM\\dasha2101-REACT2023Q4\\src\\services\\types\\index.ts": {"path":"C:\\Users\\dns\\EPAM\\dasha2101-REACT2023Q4\\src\\services\\types\\index.ts","all":true,"statementMap":{},"s":{},"branchMap":{"0":{"type":"branch","line":1,"loc":{"start":{"line":1,"column":970},"end":{"line":45,"column":2}},"locations":[{"start":{"line":1,"column":970},"end":{"line":45,"column":2}}]}},"b":{"0":[1]},"fnMap":{"0":{"name":"(empty-report)","decl":{"start":{"line":1,"column":970},"end":{"line":45,"column":2}},"loc":{"start":{"line":1,"column":970},"end":{"line":45,"column":2}},"line":1}},"f":{"0":1}}
}
